

Started GET "/" for ::1 at 2016-01-04 21:49:52 +0800
Processing by Rails::WelcomeController#index as HTML
  Rendered /Users/roger/.rvm/gems/ruby-2.1.4/gems/railties-4.2.5/lib/rails/templates/rails/welcome/index.html.erb (5.1ms)
Completed 200 OK in 44ms (Views: 30.9ms)


Started GET "/" for ::1 at 2016-01-13 11:08:14 +0800
Processing by Rails::WelcomeController#index as HTML
  Rendered /Users/roger/.rvm/gems/ruby-2.1.4/gems/railties-4.2.5/lib/rails/templates/rails/welcome/index.html.erb (7.0ms)
Completed 200 OK in 48ms (Views: 34.1ms)


Started GET "/" for ::1 at 2016-01-13 11:20:33 +0800
Processing by PostController#index as HTML
Completed 500 Internal Server Error in 12ms

ActionView::MissingTemplate (Missing template post/index, application/index with {:locale=>[:en], :formats=>[:html], :variants=>[], :handlers=>[:erb, :builder, :raw, :ruby, :slim, :coffee, :jbuilder]}. Searched in:
  * "/Users/roger/Repos/manors/app/views"
):
  actionview (4.2.5) lib/action_view/path_set.rb:46:in `find'
  actionview (4.2.5) lib/action_view/lookup_context.rb:121:in `find'
  actionview (4.2.5) lib/action_view/renderer/abstract_renderer.rb:18:in `find_template'
  actionview (4.2.5) lib/action_view/renderer/template_renderer.rb:40:in `determine_template'
  actionview (4.2.5) lib/action_view/renderer/template_renderer.rb:8:in `render'
  actionview (4.2.5) lib/action_view/renderer/renderer.rb:42:in `render_template'
  actionview (4.2.5) lib/action_view/renderer/renderer.rb:23:in `render'
  actionview (4.2.5) lib/action_view/rendering.rb:100:in `_render_template'
  actionpack (4.2.5) lib/action_controller/metal/streaming.rb:217:in `_render_template'
  actionview (4.2.5) lib/action_view/rendering.rb:83:in `render_to_body'
  actionpack (4.2.5) lib/action_controller/metal/rendering.rb:32:in `render_to_body'
  actionpack (4.2.5) lib/action_controller/metal/renderers.rb:37:in `render_to_body'
  actionpack (4.2.5) lib/abstract_controller/rendering.rb:25:in `render'
  actionpack (4.2.5) lib/action_controller/metal/rendering.rb:16:in `render'
  actionpack (4.2.5) lib/action_controller/metal/instrumentation.rb:44:in `block (2 levels) in render'
  activesupport (4.2.5) lib/active_support/core_ext/benchmark.rb:12:in `block in ms'
  /Users/roger/.rvm/rubies/ruby-2.1.4/lib/ruby/2.1.0/benchmark.rb:294:in `realtime'
  activesupport (4.2.5) lib/active_support/core_ext/benchmark.rb:12:in `ms'
  actionpack (4.2.5) lib/action_controller/metal/instrumentation.rb:44:in `block in render'
  actionpack (4.2.5) lib/action_controller/metal/instrumentation.rb:87:in `cleanup_view_runtime'
  actionpack (4.2.5) lib/action_controller/metal/instrumentation.rb:43:in `render'
  actionpack (4.2.5) lib/action_controller/metal/implicit_render.rb:10:in `default_render'
  actionpack (4.2.5) lib/action_controller/metal/implicit_render.rb:5:in `send_action'
  actionpack (4.2.5) lib/abstract_controller/base.rb:198:in `process_action'
  actionpack (4.2.5) lib/action_controller/metal/rendering.rb:10:in `process_action'
  actionpack (4.2.5) lib/abstract_controller/callbacks.rb:20:in `block in process_action'
  activesupport (4.2.5) lib/active_support/callbacks.rb:117:in `call'
  activesupport (4.2.5) lib/active_support/callbacks.rb:117:in `call'
  activesupport (4.2.5) lib/active_support/callbacks.rb:555:in `block (2 levels) in compile'
  activesupport (4.2.5) lib/active_support/callbacks.rb:505:in `call'
  activesupport (4.2.5) lib/active_support/callbacks.rb:505:in `call'
  activesupport (4.2.5) lib/active_support/callbacks.rb:92:in `__run_callbacks__'
  activesupport (4.2.5) lib/active_support/callbacks.rb:778:in `_run_process_action_callbacks'
  activesupport (4.2.5) lib/active_support/callbacks.rb:81:in `run_callbacks'
  actionpack (4.2.5) lib/abstract_controller/callbacks.rb:19:in `process_action'
  actionpack (4.2.5) lib/action_controller/metal/rescue.rb:29:in `process_action'
  actionpack (4.2.5) lib/action_controller/metal/instrumentation.rb:32:in `block in process_action'
  activesupport (4.2.5) lib/active_support/notifications.rb:164:in `block in instrument'
  activesupport (4.2.5) lib/active_support/notifications/instrumenter.rb:20:in `instrument'
  activesupport (4.2.5) lib/active_support/notifications.rb:164:in `instrument'
  actionpack (4.2.5) lib/action_controller/metal/instrumentation.rb:30:in `process_action'
  actionpack (4.2.5) lib/action_controller/metal/params_wrapper.rb:250:in `process_action'
  actionpack (4.2.5) lib/abstract_controller/base.rb:137:in `process'
  actionview (4.2.5) lib/action_view/rendering.rb:30:in `process'
  actionpack (4.2.5) lib/action_controller/metal.rb:196:in `dispatch'
  actionpack (4.2.5) lib/action_controller/metal/rack_delegation.rb:13:in `dispatch'
  actionpack (4.2.5) lib/action_controller/metal.rb:237:in `block in action'
  actionpack (4.2.5) lib/action_dispatch/routing/route_set.rb:76:in `call'
  actionpack (4.2.5) lib/action_dispatch/routing/route_set.rb:76:in `dispatch'
  actionpack (4.2.5) lib/action_dispatch/routing/route_set.rb:45:in `serve'
  actionpack (4.2.5) lib/action_dispatch/journey/router.rb:43:in `block in serve'
  actionpack (4.2.5) lib/action_dispatch/journey/router.rb:30:in `each'
  actionpack (4.2.5) lib/action_dispatch/journey/router.rb:30:in `serve'
  actionpack (4.2.5) lib/action_dispatch/routing/route_set.rb:817:in `call'
  rack (1.6.4) lib/rack/etag.rb:24:in `call'
  rack (1.6.4) lib/rack/conditionalget.rb:25:in `call'
  rack (1.6.4) lib/rack/head.rb:13:in `call'
  actionpack (4.2.5) lib/action_dispatch/middleware/params_parser.rb:27:in `call'
  actionpack (4.2.5) lib/action_dispatch/middleware/flash.rb:260:in `call'
  rack (1.6.4) lib/rack/session/abstract/id.rb:225:in `context'
  rack (1.6.4) lib/rack/session/abstract/id.rb:220:in `call'
  actionpack (4.2.5) lib/action_dispatch/middleware/cookies.rb:560:in `call'
  actionpack (4.2.5) lib/action_dispatch/middleware/callbacks.rb:29:in `block in call'
  activesupport (4.2.5) lib/active_support/callbacks.rb:88:in `__run_callbacks__'
  activesupport (4.2.5) lib/active_support/callbacks.rb:778:in `_run_call_callbacks'
  activesupport (4.2.5) lib/active_support/callbacks.rb:81:in `run_callbacks'
  actionpack (4.2.5) lib/action_dispatch/middleware/callbacks.rb:27:in `call'
  actionpack (4.2.5) lib/action_dispatch/middleware/reloader.rb:73:in `call'
  actionpack (4.2.5) lib/action_dispatch/middleware/remote_ip.rb:78:in `call'
  actionpack (4.2.5) lib/action_dispatch/middleware/debug_exceptions.rb:17:in `call'
  web-console (2.2.1) lib/web_console/middleware.rb:39:in `call'
  actionpack (4.2.5) lib/action_dispatch/middleware/show_exceptions.rb:30:in `call'
  railties (4.2.5) lib/rails/rack/logger.rb:38:in `call_app'
  railties (4.2.5) lib/rails/rack/logger.rb:20:in `block in call'
  activesupport (4.2.5) lib/active_support/tagged_logging.rb:68:in `block in tagged'
  activesupport (4.2.5) lib/active_support/tagged_logging.rb:26:in `tagged'
  activesupport (4.2.5) lib/active_support/tagged_logging.rb:68:in `tagged'
  railties (4.2.5) lib/rails/rack/logger.rb:20:in `call'
  actionpack (4.2.5) lib/action_dispatch/middleware/request_id.rb:21:in `call'
  rack (1.6.4) lib/rack/methodoverride.rb:22:in `call'
  rack (1.6.4) lib/rack/runtime.rb:18:in `call'
  activesupport (4.2.5) lib/active_support/cache/strategy/local_cache_middleware.rb:28:in `call'
  rack (1.6.4) lib/rack/lock.rb:17:in `call'
  actionpack (4.2.5) lib/action_dispatch/middleware/static.rb:116:in `call'
  rack (1.6.4) lib/rack/sendfile.rb:113:in `call'
  railties (4.2.5) lib/rails/engine.rb:518:in `call'
  railties (4.2.5) lib/rails/application.rb:165:in `call'
  rack (1.6.4) lib/rack/lock.rb:17:in `call'
  rack (1.6.4) lib/rack/content_length.rb:15:in `call'
  rack (1.6.4) lib/rack/handler/webrick.rb:88:in `service'
  /Users/roger/.rvm/rubies/ruby-2.1.4/lib/ruby/2.1.0/webrick/httpserver.rb:138:in `service'
  /Users/roger/.rvm/rubies/ruby-2.1.4/lib/ruby/2.1.0/webrick/httpserver.rb:94:in `run'
  /Users/roger/.rvm/rubies/ruby-2.1.4/lib/ruby/2.1.0/webrick/server.rb:295:in `block in start_thread'


  Rendered /Users/roger/.rvm/gems/ruby-2.1.4/gems/actionpack-4.2.5/lib/action_dispatch/middleware/templates/rescues/_source.erb (7.2ms)
  Rendered /Users/roger/.rvm/gems/ruby-2.1.4/gems/actionpack-4.2.5/lib/action_dispatch/middleware/templates/rescues/_trace.html.erb (3.1ms)
  Rendered /Users/roger/.rvm/gems/ruby-2.1.4/gems/actionpack-4.2.5/lib/action_dispatch/middleware/templates/rescues/_request_and_response.html.erb (1.5ms)
  Rendered /Users/roger/.rvm/gems/ruby-2.1.4/gems/actionpack-4.2.5/lib/action_dispatch/middleware/templates/rescues/missing_template.html.erb within rescues/layout (37.8ms)
  Rendered /Users/roger/.rvm/gems/ruby-2.1.4/gems/web-console-2.2.1/lib/web_console/templates/_markup.html.erb (0.7ms)
  Rendered /Users/roger/.rvm/gems/ruby-2.1.4/gems/web-console-2.2.1/lib/web_console/templates/_inner_console_markup.html.erb within layouts/inlined_string (0.6ms)
  Rendered /Users/roger/.rvm/gems/ruby-2.1.4/gems/web-console-2.2.1/lib/web_console/templates/_prompt_box_markup.html.erb within layouts/inlined_string (0.6ms)
  Rendered /Users/roger/.rvm/gems/ruby-2.1.4/gems/web-console-2.2.1/lib/web_console/templates/style.css.erb within layouts/inlined_string (0.5ms)
  Rendered /Users/roger/.rvm/gems/ruby-2.1.4/gems/web-console-2.2.1/lib/web_console/templates/console.js.erb within layouts/javascript (46.2ms)
  Rendered /Users/roger/.rvm/gems/ruby-2.1.4/gems/web-console-2.2.1/lib/web_console/templates/main.js.erb within layouts/javascript (0.5ms)
  Rendered /Users/roger/.rvm/gems/ruby-2.1.4/gems/web-console-2.2.1/lib/web_console/templates/error_page.js.erb within layouts/javascript (0.6ms)
  Rendered /Users/roger/.rvm/gems/ruby-2.1.4/gems/web-console-2.2.1/lib/web_console/templates/index.html.erb (105.4ms)


Started GET "/post" for ::1 at 2016-01-13 11:22:53 +0800

ActionController::RoutingError (No route matches [GET] "/post"):
  actionpack (4.2.5) lib/action_dispatch/middleware/debug_exceptions.rb:21:in `call'
  web-console (2.2.1) lib/web_console/middleware.rb:39:in `call'
  actionpack (4.2.5) lib/action_dispatch/middleware/show_exceptions.rb:30:in `call'
  railties (4.2.5) lib/rails/rack/logger.rb:38:in `call_app'
  railties (4.2.5) lib/rails/rack/logger.rb:20:in `block in call'
  activesupport (4.2.5) lib/active_support/tagged_logging.rb:68:in `block in tagged'
  activesupport (4.2.5) lib/active_support/tagged_logging.rb:26:in `tagged'
  activesupport (4.2.5) lib/active_support/tagged_logging.rb:68:in `tagged'
  railties (4.2.5) lib/rails/rack/logger.rb:20:in `call'
  actionpack (4.2.5) lib/action_dispatch/middleware/request_id.rb:21:in `call'
  rack (1.6.4) lib/rack/methodoverride.rb:22:in `call'
  rack (1.6.4) lib/rack/runtime.rb:18:in `call'
  activesupport (4.2.5) lib/active_support/cache/strategy/local_cache_middleware.rb:28:in `call'
  rack (1.6.4) lib/rack/lock.rb:17:in `call'
  actionpack (4.2.5) lib/action_dispatch/middleware/static.rb:116:in `call'
  rack (1.6.4) lib/rack/sendfile.rb:113:in `call'
  railties (4.2.5) lib/rails/engine.rb:518:in `call'
  railties (4.2.5) lib/rails/application.rb:165:in `call'
  rack (1.6.4) lib/rack/lock.rb:17:in `call'
  rack (1.6.4) lib/rack/content_length.rb:15:in `call'
  rack (1.6.4) lib/rack/handler/webrick.rb:88:in `service'
  /Users/roger/.rvm/rubies/ruby-2.1.4/lib/ruby/2.1.0/webrick/httpserver.rb:138:in `service'
  /Users/roger/.rvm/rubies/ruby-2.1.4/lib/ruby/2.1.0/webrick/httpserver.rb:94:in `run'
  /Users/roger/.rvm/rubies/ruby-2.1.4/lib/ruby/2.1.0/webrick/server.rb:295:in `block in start_thread'


  Rendered /Users/roger/.rvm/gems/ruby-2.1.4/gems/actionpack-4.2.5/lib/action_dispatch/middleware/templates/rescues/_trace.html.erb (2.6ms)
  Rendered /Users/roger/.rvm/gems/ruby-2.1.4/gems/actionpack-4.2.5/lib/action_dispatch/middleware/templates/routes/_route.html.erb (2.2ms)
  Rendered /Users/roger/.rvm/gems/ruby-2.1.4/gems/actionpack-4.2.5/lib/action_dispatch/middleware/templates/routes/_table.html.erb (47.9ms)
  Rendered /Users/roger/.rvm/gems/ruby-2.1.4/gems/actionpack-4.2.5/lib/action_dispatch/middleware/templates/rescues/_request_and_response.html.erb (5.9ms)
  Rendered /Users/roger/.rvm/gems/ruby-2.1.4/gems/actionpack-4.2.5/lib/action_dispatch/middleware/templates/rescues/routing_error.html.erb within rescues/layout (97.5ms)
  Rendered /Users/roger/.rvm/gems/ruby-2.1.4/gems/web-console-2.2.1/lib/web_console/templates/_markup.html.erb (0.8ms)
  Rendered /Users/roger/.rvm/gems/ruby-2.1.4/gems/web-console-2.2.1/lib/web_console/templates/_inner_console_markup.html.erb within layouts/inlined_string (0.7ms)
  Rendered /Users/roger/.rvm/gems/ruby-2.1.4/gems/web-console-2.2.1/lib/web_console/templates/_prompt_box_markup.html.erb within layouts/inlined_string (0.4ms)
  Rendered /Users/roger/.rvm/gems/ruby-2.1.4/gems/web-console-2.2.1/lib/web_console/templates/style.css.erb within layouts/inlined_string (0.7ms)
  Rendered /Users/roger/.rvm/gems/ruby-2.1.4/gems/web-console-2.2.1/lib/web_console/templates/console.js.erb within layouts/javascript (45.5ms)
  Rendered /Users/roger/.rvm/gems/ruby-2.1.4/gems/web-console-2.2.1/lib/web_console/templates/main.js.erb within layouts/javascript (0.3ms)
  Rendered /Users/roger/.rvm/gems/ruby-2.1.4/gems/web-console-2.2.1/lib/web_console/templates/error_page.js.erb within layouts/javascript (0.8ms)
  Rendered /Users/roger/.rvm/gems/ruby-2.1.4/gems/web-console-2.2.1/lib/web_console/templates/index.html.erb (83.1ms)


Started GET "/" for ::1 at 2016-01-13 11:24:14 +0800
Processing by PostController#index as HTML
Completed 500 Internal Server Error in 3ms

ActionView::MissingTemplate (Missing template post/index, application/index with {:locale=>[:en], :formats=>[:html], :variants=>[], :handlers=>[:erb, :builder, :raw, :ruby, :slim, :coffee, :jbuilder]}. Searched in:
  * "/Users/roger/Repos/manors/app/views"
):
  actionview (4.2.5) lib/action_view/path_set.rb:46:in `find'
  actionview (4.2.5) lib/action_view/lookup_context.rb:121:in `find'
  actionview (4.2.5) lib/action_view/renderer/abstract_renderer.rb:18:in `find_template'
  actionview (4.2.5) lib/action_view/renderer/template_renderer.rb:40:in `determine_template'
  actionview (4.2.5) lib/action_view/renderer/template_renderer.rb:8:in `render'
  actionview (4.2.5) lib/action_view/renderer/renderer.rb:42:in `render_template'
  actionview (4.2.5) lib/action_view/renderer/renderer.rb:23:in `render'
  actionview (4.2.5) lib/action_view/rendering.rb:100:in `_render_template'
  actionpack (4.2.5) lib/action_controller/metal/streaming.rb:217:in `_render_template'
  actionview (4.2.5) lib/action_view/rendering.rb:83:in `render_to_body'
  actionpack (4.2.5) lib/action_controller/metal/rendering.rb:32:in `render_to_body'
  actionpack (4.2.5) lib/action_controller/metal/renderers.rb:37:in `render_to_body'
  actionpack (4.2.5) lib/abstract_controller/rendering.rb:25:in `render'
  actionpack (4.2.5) lib/action_controller/metal/rendering.rb:16:in `render'
  actionpack (4.2.5) lib/action_controller/metal/instrumentation.rb:44:in `block (2 levels) in render'
  activesupport (4.2.5) lib/active_support/core_ext/benchmark.rb:12:in `block in ms'
  /Users/roger/.rvm/rubies/ruby-2.1.4/lib/ruby/2.1.0/benchmark.rb:294:in `realtime'
  activesupport (4.2.5) lib/active_support/core_ext/benchmark.rb:12:in `ms'
  actionpack (4.2.5) lib/action_controller/metal/instrumentation.rb:44:in `block in render'
  actionpack (4.2.5) lib/action_controller/metal/instrumentation.rb:87:in `cleanup_view_runtime'
  actionpack (4.2.5) lib/action_controller/metal/instrumentation.rb:43:in `render'
  actionpack (4.2.5) lib/action_controller/metal/implicit_render.rb:10:in `default_render'
  actionpack (4.2.5) lib/action_controller/metal/implicit_render.rb:5:in `send_action'
  actionpack (4.2.5) lib/abstract_controller/base.rb:198:in `process_action'
  actionpack (4.2.5) lib/action_controller/metal/rendering.rb:10:in `process_action'
  actionpack (4.2.5) lib/abstract_controller/callbacks.rb:20:in `block in process_action'
  activesupport (4.2.5) lib/active_support/callbacks.rb:117:in `call'
  activesupport (4.2.5) lib/active_support/callbacks.rb:117:in `call'
  activesupport (4.2.5) lib/active_support/callbacks.rb:555:in `block (2 levels) in compile'
  activesupport (4.2.5) lib/active_support/callbacks.rb:505:in `call'
  activesupport (4.2.5) lib/active_support/callbacks.rb:505:in `call'
  activesupport (4.2.5) lib/active_support/callbacks.rb:92:in `__run_callbacks__'
  activesupport (4.2.5) lib/active_support/callbacks.rb:778:in `_run_process_action_callbacks'
  activesupport (4.2.5) lib/active_support/callbacks.rb:81:in `run_callbacks'
  actionpack (4.2.5) lib/abstract_controller/callbacks.rb:19:in `process_action'
  actionpack (4.2.5) lib/action_controller/metal/rescue.rb:29:in `process_action'
  actionpack (4.2.5) lib/action_controller/metal/instrumentation.rb:32:in `block in process_action'
  activesupport (4.2.5) lib/active_support/notifications.rb:164:in `block in instrument'
  activesupport (4.2.5) lib/active_support/notifications/instrumenter.rb:20:in `instrument'
  activesupport (4.2.5) lib/active_support/notifications.rb:164:in `instrument'
  actionpack (4.2.5) lib/action_controller/metal/instrumentation.rb:30:in `process_action'
  actionpack (4.2.5) lib/action_controller/metal/params_wrapper.rb:250:in `process_action'
  actionpack (4.2.5) lib/abstract_controller/base.rb:137:in `process'
  actionview (4.2.5) lib/action_view/rendering.rb:30:in `process'
  actionpack (4.2.5) lib/action_controller/metal.rb:196:in `dispatch'
  actionpack (4.2.5) lib/action_controller/metal/rack_delegation.rb:13:in `dispatch'
  actionpack (4.2.5) lib/action_controller/metal.rb:237:in `block in action'
  actionpack (4.2.5) lib/action_dispatch/routing/route_set.rb:76:in `call'
  actionpack (4.2.5) lib/action_dispatch/routing/route_set.rb:76:in `dispatch'
  actionpack (4.2.5) lib/action_dispatch/routing/route_set.rb:45:in `serve'
  actionpack (4.2.5) lib/action_dispatch/journey/router.rb:43:in `block in serve'
  actionpack (4.2.5) lib/action_dispatch/journey/router.rb:30:in `each'
  actionpack (4.2.5) lib/action_dispatch/journey/router.rb:30:in `serve'
  actionpack (4.2.5) lib/action_dispatch/routing/route_set.rb:817:in `call'
  rack (1.6.4) lib/rack/etag.rb:24:in `call'
  rack (1.6.4) lib/rack/conditionalget.rb:25:in `call'
  rack (1.6.4) lib/rack/head.rb:13:in `call'
  actionpack (4.2.5) lib/action_dispatch/middleware/params_parser.rb:27:in `call'
  actionpack (4.2.5) lib/action_dispatch/middleware/flash.rb:260:in `call'
  rack (1.6.4) lib/rack/session/abstract/id.rb:225:in `context'
  rack (1.6.4) lib/rack/session/abstract/id.rb:220:in `call'
  actionpack (4.2.5) lib/action_dispatch/middleware/cookies.rb:560:in `call'
  actionpack (4.2.5) lib/action_dispatch/middleware/callbacks.rb:29:in `block in call'
  activesupport (4.2.5) lib/active_support/callbacks.rb:88:in `__run_callbacks__'
  activesupport (4.2.5) lib/active_support/callbacks.rb:778:in `_run_call_callbacks'
  activesupport (4.2.5) lib/active_support/callbacks.rb:81:in `run_callbacks'
  actionpack (4.2.5) lib/action_dispatch/middleware/callbacks.rb:27:in `call'
  actionpack (4.2.5) lib/action_dispatch/middleware/reloader.rb:73:in `call'
  actionpack (4.2.5) lib/action_dispatch/middleware/remote_ip.rb:78:in `call'
  actionpack (4.2.5) lib/action_dispatch/middleware/debug_exceptions.rb:17:in `call'
  web-console (2.2.1) lib/web_console/middleware.rb:39:in `call'
  actionpack (4.2.5) lib/action_dispatch/middleware/show_exceptions.rb:30:in `call'
  railties (4.2.5) lib/rails/rack/logger.rb:38:in `call_app'
  railties (4.2.5) lib/rails/rack/logger.rb:20:in `block in call'
  activesupport (4.2.5) lib/active_support/tagged_logging.rb:68:in `block in tagged'
  activesupport (4.2.5) lib/active_support/tagged_logging.rb:26:in `tagged'
  activesupport (4.2.5) lib/active_support/tagged_logging.rb:68:in `tagged'
  railties (4.2.5) lib/rails/rack/logger.rb:20:in `call'
  actionpack (4.2.5) lib/action_dispatch/middleware/request_id.rb:21:in `call'
  rack (1.6.4) lib/rack/methodoverride.rb:22:in `call'
  rack (1.6.4) lib/rack/runtime.rb:18:in `call'
  activesupport (4.2.5) lib/active_support/cache/strategy/local_cache_middleware.rb:28:in `call'
  rack (1.6.4) lib/rack/lock.rb:17:in `call'
  actionpack (4.2.5) lib/action_dispatch/middleware/static.rb:116:in `call'
  rack (1.6.4) lib/rack/sendfile.rb:113:in `call'
  railties (4.2.5) lib/rails/engine.rb:518:in `call'
  railties (4.2.5) lib/rails/application.rb:165:in `call'
  rack (1.6.4) lib/rack/lock.rb:17:in `call'
  rack (1.6.4) lib/rack/content_length.rb:15:in `call'
  rack (1.6.4) lib/rack/handler/webrick.rb:88:in `service'
  /Users/roger/.rvm/rubies/ruby-2.1.4/lib/ruby/2.1.0/webrick/httpserver.rb:138:in `service'
  /Users/roger/.rvm/rubies/ruby-2.1.4/lib/ruby/2.1.0/webrick/httpserver.rb:94:in `run'
  /Users/roger/.rvm/rubies/ruby-2.1.4/lib/ruby/2.1.0/webrick/server.rb:295:in `block in start_thread'


  Rendered /Users/roger/.rvm/gems/ruby-2.1.4/gems/actionpack-4.2.5/lib/action_dispatch/middleware/templates/rescues/_source.erb (9.4ms)
  Rendered /Users/roger/.rvm/gems/ruby-2.1.4/gems/actionpack-4.2.5/lib/action_dispatch/middleware/templates/rescues/_trace.html.erb (2.1ms)
  Rendered /Users/roger/.rvm/gems/ruby-2.1.4/gems/actionpack-4.2.5/lib/action_dispatch/middleware/templates/rescues/_request_and_response.html.erb (0.9ms)
  Rendered /Users/roger/.rvm/gems/ruby-2.1.4/gems/actionpack-4.2.5/lib/action_dispatch/middleware/templates/rescues/missing_template.html.erb within rescues/layout (31.3ms)
  Rendered /Users/roger/.rvm/gems/ruby-2.1.4/gems/web-console-2.2.1/lib/web_console/templates/_markup.html.erb (0.4ms)
  Rendered /Users/roger/.rvm/gems/ruby-2.1.4/gems/web-console-2.2.1/lib/web_console/templates/_inner_console_markup.html.erb within layouts/inlined_string (0.6ms)
  Rendered /Users/roger/.rvm/gems/ruby-2.1.4/gems/web-console-2.2.1/lib/web_console/templates/_prompt_box_markup.html.erb within layouts/inlined_string (0.3ms)
  Rendered /Users/roger/.rvm/gems/ruby-2.1.4/gems/web-console-2.2.1/lib/web_console/templates/style.css.erb within layouts/inlined_string (0.3ms)
  Rendered /Users/roger/.rvm/gems/ruby-2.1.4/gems/web-console-2.2.1/lib/web_console/templates/console.js.erb within layouts/javascript (15.5ms)
  Rendered /Users/roger/.rvm/gems/ruby-2.1.4/gems/web-console-2.2.1/lib/web_console/templates/main.js.erb within layouts/javascript (0.2ms)
  Rendered /Users/roger/.rvm/gems/ruby-2.1.4/gems/web-console-2.2.1/lib/web_console/templates/error_page.js.erb within layouts/javascript (0.5ms)
  Rendered /Users/roger/.rvm/gems/ruby-2.1.4/gems/web-console-2.2.1/lib/web_console/templates/index.html.erb (32.5ms)


Started GET "/" for ::1 at 2016-01-13 11:25:25 +0800
Processing by PostController#index as HTML
Completed 500 Internal Server Error in 4ms

ActionView::MissingTemplate (Missing template post/index, application/index with {:locale=>[:en], :formats=>[:html], :variants=>[], :handlers=>[:erb, :builder, :raw, :ruby, :slim, :coffee, :jbuilder]}. Searched in:
  * "/Users/roger/Repos/manors/app/views"
):
  actionview (4.2.5) lib/action_view/path_set.rb:46:in `find'
  actionview (4.2.5) lib/action_view/lookup_context.rb:121:in `find'
  actionview (4.2.5) lib/action_view/renderer/abstract_renderer.rb:18:in `find_template'
  actionview (4.2.5) lib/action_view/renderer/template_renderer.rb:40:in `determine_template'
  actionview (4.2.5) lib/action_view/renderer/template_renderer.rb:8:in `render'
  actionview (4.2.5) lib/action_view/renderer/renderer.rb:42:in `render_template'
  actionview (4.2.5) lib/action_view/renderer/renderer.rb:23:in `render'
  actionview (4.2.5) lib/action_view/rendering.rb:100:in `_render_template'
  actionpack (4.2.5) lib/action_controller/metal/streaming.rb:217:in `_render_template'
  actionview (4.2.5) lib/action_view/rendering.rb:83:in `render_to_body'
  actionpack (4.2.5) lib/action_controller/metal/rendering.rb:32:in `render_to_body'
  actionpack (4.2.5) lib/action_controller/metal/renderers.rb:37:in `render_to_body'
  actionpack (4.2.5) lib/abstract_controller/rendering.rb:25:in `render'
  actionpack (4.2.5) lib/action_controller/metal/rendering.rb:16:in `render'
  actionpack (4.2.5) lib/action_controller/metal/instrumentation.rb:44:in `block (2 levels) in render'
  activesupport (4.2.5) lib/active_support/core_ext/benchmark.rb:12:in `block in ms'
  /Users/roger/.rvm/rubies/ruby-2.1.4/lib/ruby/2.1.0/benchmark.rb:294:in `realtime'
  activesupport (4.2.5) lib/active_support/core_ext/benchmark.rb:12:in `ms'
  actionpack (4.2.5) lib/action_controller/metal/instrumentation.rb:44:in `block in render'
  actionpack (4.2.5) lib/action_controller/metal/instrumentation.rb:87:in `cleanup_view_runtime'
  actionpack (4.2.5) lib/action_controller/metal/instrumentation.rb:43:in `render'
  actionpack (4.2.5) lib/action_controller/metal/implicit_render.rb:10:in `default_render'
  actionpack (4.2.5) lib/action_controller/metal/implicit_render.rb:5:in `send_action'
  actionpack (4.2.5) lib/abstract_controller/base.rb:198:in `process_action'
  actionpack (4.2.5) lib/action_controller/metal/rendering.rb:10:in `process_action'
  actionpack (4.2.5) lib/abstract_controller/callbacks.rb:20:in `block in process_action'
  activesupport (4.2.5) lib/active_support/callbacks.rb:117:in `call'
  activesupport (4.2.5) lib/active_support/callbacks.rb:117:in `call'
  activesupport (4.2.5) lib/active_support/callbacks.rb:555:in `block (2 levels) in compile'
  activesupport (4.2.5) lib/active_support/callbacks.rb:505:in `call'
  activesupport (4.2.5) lib/active_support/callbacks.rb:505:in `call'
  activesupport (4.2.5) lib/active_support/callbacks.rb:92:in `__run_callbacks__'
  activesupport (4.2.5) lib/active_support/callbacks.rb:778:in `_run_process_action_callbacks'
  activesupport (4.2.5) lib/active_support/callbacks.rb:81:in `run_callbacks'
  actionpack (4.2.5) lib/abstract_controller/callbacks.rb:19:in `process_action'
  actionpack (4.2.5) lib/action_controller/metal/rescue.rb:29:in `process_action'
  actionpack (4.2.5) lib/action_controller/metal/instrumentation.rb:32:in `block in process_action'
  activesupport (4.2.5) lib/active_support/notifications.rb:164:in `block in instrument'
  activesupport (4.2.5) lib/active_support/notifications/instrumenter.rb:20:in `instrument'
  activesupport (4.2.5) lib/active_support/notifications.rb:164:in `instrument'
  actionpack (4.2.5) lib/action_controller/metal/instrumentation.rb:30:in `process_action'
  actionpack (4.2.5) lib/action_controller/metal/params_wrapper.rb:250:in `process_action'
  actionpack (4.2.5) lib/abstract_controller/base.rb:137:in `process'
  actionview (4.2.5) lib/action_view/rendering.rb:30:in `process'
  actionpack (4.2.5) lib/action_controller/metal.rb:196:in `dispatch'
  actionpack (4.2.5) lib/action_controller/metal/rack_delegation.rb:13:in `dispatch'
  actionpack (4.2.5) lib/action_controller/metal.rb:237:in `block in action'
  actionpack (4.2.5) lib/action_dispatch/routing/route_set.rb:76:in `call'
  actionpack (4.2.5) lib/action_dispatch/routing/route_set.rb:76:in `dispatch'
  actionpack (4.2.5) lib/action_dispatch/routing/route_set.rb:45:in `serve'
  actionpack (4.2.5) lib/action_dispatch/journey/router.rb:43:in `block in serve'
  actionpack (4.2.5) lib/action_dispatch/journey/router.rb:30:in `each'
  actionpack (4.2.5) lib/action_dispatch/journey/router.rb:30:in `serve'
  actionpack (4.2.5) lib/action_dispatch/routing/route_set.rb:817:in `call'
  rack (1.6.4) lib/rack/etag.rb:24:in `call'
  rack (1.6.4) lib/rack/conditionalget.rb:25:in `call'
  rack (1.6.4) lib/rack/head.rb:13:in `call'
  actionpack (4.2.5) lib/action_dispatch/middleware/params_parser.rb:27:in `call'
  actionpack (4.2.5) lib/action_dispatch/middleware/flash.rb:260:in `call'
  rack (1.6.4) lib/rack/session/abstract/id.rb:225:in `context'
  rack (1.6.4) lib/rack/session/abstract/id.rb:220:in `call'
  actionpack (4.2.5) lib/action_dispatch/middleware/cookies.rb:560:in `call'
  actionpack (4.2.5) lib/action_dispatch/middleware/callbacks.rb:29:in `block in call'
  activesupport (4.2.5) lib/active_support/callbacks.rb:88:in `__run_callbacks__'
  activesupport (4.2.5) lib/active_support/callbacks.rb:778:in `_run_call_callbacks'
  activesupport (4.2.5) lib/active_support/callbacks.rb:81:in `run_callbacks'
  actionpack (4.2.5) lib/action_dispatch/middleware/callbacks.rb:27:in `call'
  actionpack (4.2.5) lib/action_dispatch/middleware/reloader.rb:73:in `call'
  actionpack (4.2.5) lib/action_dispatch/middleware/remote_ip.rb:78:in `call'
  actionpack (4.2.5) lib/action_dispatch/middleware/debug_exceptions.rb:17:in `call'
  web-console (2.2.1) lib/web_console/middleware.rb:39:in `call'
  actionpack (4.2.5) lib/action_dispatch/middleware/show_exceptions.rb:30:in `call'
  railties (4.2.5) lib/rails/rack/logger.rb:38:in `call_app'
  railties (4.2.5) lib/rails/rack/logger.rb:20:in `block in call'
  activesupport (4.2.5) lib/active_support/tagged_logging.rb:68:in `block in tagged'
  activesupport (4.2.5) lib/active_support/tagged_logging.rb:26:in `tagged'
  activesupport (4.2.5) lib/active_support/tagged_logging.rb:68:in `tagged'
  railties (4.2.5) lib/rails/rack/logger.rb:20:in `call'
  actionpack (4.2.5) lib/action_dispatch/middleware/request_id.rb:21:in `call'
  rack (1.6.4) lib/rack/methodoverride.rb:22:in `call'
  rack (1.6.4) lib/rack/runtime.rb:18:in `call'
  activesupport (4.2.5) lib/active_support/cache/strategy/local_cache_middleware.rb:28:in `call'
  rack (1.6.4) lib/rack/lock.rb:17:in `call'
  actionpack (4.2.5) lib/action_dispatch/middleware/static.rb:116:in `call'
  rack (1.6.4) lib/rack/sendfile.rb:113:in `call'
  railties (4.2.5) lib/rails/engine.rb:518:in `call'
  railties (4.2.5) lib/rails/application.rb:165:in `call'
  rack (1.6.4) lib/rack/lock.rb:17:in `call'
  rack (1.6.4) lib/rack/content_length.rb:15:in `call'
  rack (1.6.4) lib/rack/handler/webrick.rb:88:in `service'
  /Users/roger/.rvm/rubies/ruby-2.1.4/lib/ruby/2.1.0/webrick/httpserver.rb:138:in `service'
  /Users/roger/.rvm/rubies/ruby-2.1.4/lib/ruby/2.1.0/webrick/httpserver.rb:94:in `run'
  /Users/roger/.rvm/rubies/ruby-2.1.4/lib/ruby/2.1.0/webrick/server.rb:295:in `block in start_thread'


  Rendered /Users/roger/.rvm/gems/ruby-2.1.4/gems/actionpack-4.2.5/lib/action_dispatch/middleware/templates/rescues/_source.erb (13.9ms)
  Rendered /Users/roger/.rvm/gems/ruby-2.1.4/gems/actionpack-4.2.5/lib/action_dispatch/middleware/templates/rescues/_trace.html.erb (3.3ms)
  Rendered /Users/roger/.rvm/gems/ruby-2.1.4/gems/actionpack-4.2.5/lib/action_dispatch/middleware/templates/rescues/_request_and_response.html.erb (1.1ms)
  Rendered /Users/roger/.rvm/gems/ruby-2.1.4/gems/actionpack-4.2.5/lib/action_dispatch/middleware/templates/rescues/missing_template.html.erb within rescues/layout (40.5ms)
  Rendered /Users/roger/.rvm/gems/ruby-2.1.4/gems/web-console-2.2.1/lib/web_console/templates/_markup.html.erb (0.7ms)
  Rendered /Users/roger/.rvm/gems/ruby-2.1.4/gems/web-console-2.2.1/lib/web_console/templates/_inner_console_markup.html.erb within layouts/inlined_string (0.6ms)
  Rendered /Users/roger/.rvm/gems/ruby-2.1.4/gems/web-console-2.2.1/lib/web_console/templates/_prompt_box_markup.html.erb within layouts/inlined_string (0.6ms)
  Rendered /Users/roger/.rvm/gems/ruby-2.1.4/gems/web-console-2.2.1/lib/web_console/templates/style.css.erb within layouts/inlined_string (0.7ms)
  Rendered /Users/roger/.rvm/gems/ruby-2.1.4/gems/web-console-2.2.1/lib/web_console/templates/console.js.erb within layouts/javascript (38.9ms)
  Rendered /Users/roger/.rvm/gems/ruby-2.1.4/gems/web-console-2.2.1/lib/web_console/templates/main.js.erb within layouts/javascript (0.5ms)
  Rendered /Users/roger/.rvm/gems/ruby-2.1.4/gems/web-console-2.2.1/lib/web_console/templates/error_page.js.erb within layouts/javascript (0.7ms)
  Rendered /Users/roger/.rvm/gems/ruby-2.1.4/gems/web-console-2.2.1/lib/web_console/templates/index.html.erb (79.5ms)


Started GET "/" for ::1 at 2016-01-13 11:26:53 +0800
Processing by ApplicationController#index as HTML
Completed 500 Internal Server Error in 39ms

ActionView::MissingTemplate (Missing template application/index with {:locale=>[:en], :formats=>[:html], :variants=>[], :handlers=>[:erb, :builder, :raw, :ruby, :slim, :coffee, :jbuilder]}. Searched in:
  * "/Users/roger/Repos/manors/app/views"
):
  actionview (4.2.5) lib/action_view/path_set.rb:46:in `find'
  actionview (4.2.5) lib/action_view/lookup_context.rb:121:in `find'
  actionview (4.2.5) lib/action_view/renderer/abstract_renderer.rb:18:in `find_template'
  actionview (4.2.5) lib/action_view/renderer/template_renderer.rb:40:in `determine_template'
  actionview (4.2.5) lib/action_view/renderer/template_renderer.rb:8:in `render'
  actionview (4.2.5) lib/action_view/renderer/renderer.rb:42:in `render_template'
  actionview (4.2.5) lib/action_view/renderer/renderer.rb:23:in `render'
  actionview (4.2.5) lib/action_view/rendering.rb:100:in `_render_template'
  actionpack (4.2.5) lib/action_controller/metal/streaming.rb:217:in `_render_template'
  actionview (4.2.5) lib/action_view/rendering.rb:83:in `render_to_body'
  actionpack (4.2.5) lib/action_controller/metal/rendering.rb:32:in `render_to_body'
  actionpack (4.2.5) lib/action_controller/metal/renderers.rb:37:in `render_to_body'
  actionpack (4.2.5) lib/abstract_controller/rendering.rb:25:in `render'
  actionpack (4.2.5) lib/action_controller/metal/rendering.rb:16:in `render'
  actionpack (4.2.5) lib/action_controller/metal/instrumentation.rb:44:in `block (2 levels) in render'
  activesupport (4.2.5) lib/active_support/core_ext/benchmark.rb:12:in `block in ms'
  /Users/roger/.rvm/rubies/ruby-2.1.4/lib/ruby/2.1.0/benchmark.rb:294:in `realtime'
  activesupport (4.2.5) lib/active_support/core_ext/benchmark.rb:12:in `ms'
  actionpack (4.2.5) lib/action_controller/metal/instrumentation.rb:44:in `block in render'
  actionpack (4.2.5) lib/action_controller/metal/instrumentation.rb:87:in `cleanup_view_runtime'
  actionpack (4.2.5) lib/action_controller/metal/instrumentation.rb:43:in `render'
  actionpack (4.2.5) lib/action_controller/metal/implicit_render.rb:10:in `default_render'
  actionpack (4.2.5) lib/action_controller/metal/implicit_render.rb:5:in `send_action'
  actionpack (4.2.5) lib/abstract_controller/base.rb:198:in `process_action'
  actionpack (4.2.5) lib/action_controller/metal/rendering.rb:10:in `process_action'
  actionpack (4.2.5) lib/abstract_controller/callbacks.rb:20:in `block in process_action'
  activesupport (4.2.5) lib/active_support/callbacks.rb:117:in `call'
  activesupport (4.2.5) lib/active_support/callbacks.rb:117:in `call'
  activesupport (4.2.5) lib/active_support/callbacks.rb:555:in `block (2 levels) in compile'
  activesupport (4.2.5) lib/active_support/callbacks.rb:505:in `call'
  activesupport (4.2.5) lib/active_support/callbacks.rb:505:in `call'
  activesupport (4.2.5) lib/active_support/callbacks.rb:92:in `__run_callbacks__'
  activesupport (4.2.5) lib/active_support/callbacks.rb:778:in `_run_process_action_callbacks'
  activesupport (4.2.5) lib/active_support/callbacks.rb:81:in `run_callbacks'
  actionpack (4.2.5) lib/abstract_controller/callbacks.rb:19:in `process_action'
  actionpack (4.2.5) lib/action_controller/metal/rescue.rb:29:in `process_action'
  actionpack (4.2.5) lib/action_controller/metal/instrumentation.rb:32:in `block in process_action'
  activesupport (4.2.5) lib/active_support/notifications.rb:164:in `block in instrument'
  activesupport (4.2.5) lib/active_support/notifications/instrumenter.rb:20:in `instrument'
  activesupport (4.2.5) lib/active_support/notifications.rb:164:in `instrument'
  actionpack (4.2.5) lib/action_controller/metal/instrumentation.rb:30:in `process_action'
  actionpack (4.2.5) lib/action_controller/metal/params_wrapper.rb:250:in `process_action'
  actionpack (4.2.5) lib/abstract_controller/base.rb:137:in `process'
  actionview (4.2.5) lib/action_view/rendering.rb:30:in `process'
  actionpack (4.2.5) lib/action_controller/metal.rb:196:in `dispatch'
  actionpack (4.2.5) lib/action_controller/metal/rack_delegation.rb:13:in `dispatch'
  actionpack (4.2.5) lib/action_controller/metal.rb:237:in `block in action'
  actionpack (4.2.5) lib/action_dispatch/routing/route_set.rb:76:in `call'
  actionpack (4.2.5) lib/action_dispatch/routing/route_set.rb:76:in `dispatch'
  actionpack (4.2.5) lib/action_dispatch/routing/route_set.rb:45:in `serve'
  actionpack (4.2.5) lib/action_dispatch/journey/router.rb:43:in `block in serve'
  actionpack (4.2.5) lib/action_dispatch/journey/router.rb:30:in `each'
  actionpack (4.2.5) lib/action_dispatch/journey/router.rb:30:in `serve'
  actionpack (4.2.5) lib/action_dispatch/routing/route_set.rb:817:in `call'
  rack (1.6.4) lib/rack/etag.rb:24:in `call'
  rack (1.6.4) lib/rack/conditionalget.rb:25:in `call'
  rack (1.6.4) lib/rack/head.rb:13:in `call'
  actionpack (4.2.5) lib/action_dispatch/middleware/params_parser.rb:27:in `call'
  actionpack (4.2.5) lib/action_dispatch/middleware/flash.rb:260:in `call'
  rack (1.6.4) lib/rack/session/abstract/id.rb:225:in `context'
  rack (1.6.4) lib/rack/session/abstract/id.rb:220:in `call'
  actionpack (4.2.5) lib/action_dispatch/middleware/cookies.rb:560:in `call'
  actionpack (4.2.5) lib/action_dispatch/middleware/callbacks.rb:29:in `block in call'
  activesupport (4.2.5) lib/active_support/callbacks.rb:88:in `__run_callbacks__'
  activesupport (4.2.5) lib/active_support/callbacks.rb:778:in `_run_call_callbacks'
  activesupport (4.2.5) lib/active_support/callbacks.rb:81:in `run_callbacks'
  actionpack (4.2.5) lib/action_dispatch/middleware/callbacks.rb:27:in `call'
  actionpack (4.2.5) lib/action_dispatch/middleware/reloader.rb:73:in `call'
  actionpack (4.2.5) lib/action_dispatch/middleware/remote_ip.rb:78:in `call'
  actionpack (4.2.5) lib/action_dispatch/middleware/debug_exceptions.rb:17:in `call'
  web-console (2.2.1) lib/web_console/middleware.rb:39:in `call'
  actionpack (4.2.5) lib/action_dispatch/middleware/show_exceptions.rb:30:in `call'
  railties (4.2.5) lib/rails/rack/logger.rb:38:in `call_app'
  railties (4.2.5) lib/rails/rack/logger.rb:20:in `block in call'
  activesupport (4.2.5) lib/active_support/tagged_logging.rb:68:in `block in tagged'
  activesupport (4.2.5) lib/active_support/tagged_logging.rb:26:in `tagged'
  activesupport (4.2.5) lib/active_support/tagged_logging.rb:68:in `tagged'
  railties (4.2.5) lib/rails/rack/logger.rb:20:in `call'
  actionpack (4.2.5) lib/action_dispatch/middleware/request_id.rb:21:in `call'
  rack (1.6.4) lib/rack/methodoverride.rb:22:in `call'
  rack (1.6.4) lib/rack/runtime.rb:18:in `call'
  activesupport (4.2.5) lib/active_support/cache/strategy/local_cache_middleware.rb:28:in `call'
  rack (1.6.4) lib/rack/lock.rb:17:in `call'
  actionpack (4.2.5) lib/action_dispatch/middleware/static.rb:116:in `call'
  rack (1.6.4) lib/rack/sendfile.rb:113:in `call'
  railties (4.2.5) lib/rails/engine.rb:518:in `call'
  railties (4.2.5) lib/rails/application.rb:165:in `call'
  rack (1.6.4) lib/rack/lock.rb:17:in `call'
  rack (1.6.4) lib/rack/content_length.rb:15:in `call'
  rack (1.6.4) lib/rack/handler/webrick.rb:88:in `service'
  /Users/roger/.rvm/rubies/ruby-2.1.4/lib/ruby/2.1.0/webrick/httpserver.rb:138:in `service'
  /Users/roger/.rvm/rubies/ruby-2.1.4/lib/ruby/2.1.0/webrick/httpserver.rb:94:in `run'
  /Users/roger/.rvm/rubies/ruby-2.1.4/lib/ruby/2.1.0/webrick/server.rb:295:in `block in start_thread'


  Rendered /Users/roger/.rvm/gems/ruby-2.1.4/gems/actionpack-4.2.5/lib/action_dispatch/middleware/templates/rescues/_source.erb (6.6ms)
  Rendered /Users/roger/.rvm/gems/ruby-2.1.4/gems/actionpack-4.2.5/lib/action_dispatch/middleware/templates/rescues/_trace.html.erb (3.0ms)
  Rendered /Users/roger/.rvm/gems/ruby-2.1.4/gems/actionpack-4.2.5/lib/action_dispatch/middleware/templates/rescues/_request_and_response.html.erb (1.4ms)
  Rendered /Users/roger/.rvm/gems/ruby-2.1.4/gems/actionpack-4.2.5/lib/action_dispatch/middleware/templates/rescues/missing_template.html.erb within rescues/layout (39.1ms)
  Rendered /Users/roger/.rvm/gems/ruby-2.1.4/gems/web-console-2.2.1/lib/web_console/templates/_markup.html.erb (0.7ms)
  Rendered /Users/roger/.rvm/gems/ruby-2.1.4/gems/web-console-2.2.1/lib/web_console/templates/_inner_console_markup.html.erb within layouts/inlined_string (0.7ms)
  Rendered /Users/roger/.rvm/gems/ruby-2.1.4/gems/web-console-2.2.1/lib/web_console/templates/_prompt_box_markup.html.erb within layouts/inlined_string (0.3ms)
  Rendered /Users/roger/.rvm/gems/ruby-2.1.4/gems/web-console-2.2.1/lib/web_console/templates/style.css.erb within layouts/inlined_string (0.4ms)
  Rendered /Users/roger/.rvm/gems/ruby-2.1.4/gems/web-console-2.2.1/lib/web_console/templates/console.js.erb within layouts/javascript (39.3ms)
  Rendered /Users/roger/.rvm/gems/ruby-2.1.4/gems/web-console-2.2.1/lib/web_console/templates/main.js.erb within layouts/javascript (0.4ms)
  Rendered /Users/roger/.rvm/gems/ruby-2.1.4/gems/web-console-2.2.1/lib/web_console/templates/error_page.js.erb within layouts/javascript (0.5ms)
  Rendered /Users/roger/.rvm/gems/ruby-2.1.4/gems/web-console-2.2.1/lib/web_console/templates/index.html.erb (81.7ms)


Started GET "/" for ::1 at 2016-01-13 12:05:56 +0800
Processing by PostController#index as HTML
Completed 500 Internal Server Error in 36ms

ActionView::MissingTemplate (Missing template post/index, application/index with {:locale=>[:en], :formats=>[:html], :variants=>[], :handlers=>[:erb, :builder, :raw, :ruby, :slim, :coffee, :jbuilder]}. Searched in:
  * "/Users/roger/Repos/manors/app/views"
):
  actionview (4.2.5) lib/action_view/path_set.rb:46:in `find'
  actionview (4.2.5) lib/action_view/lookup_context.rb:121:in `find'
  actionview (4.2.5) lib/action_view/renderer/abstract_renderer.rb:18:in `find_template'
  actionview (4.2.5) lib/action_view/renderer/template_renderer.rb:40:in `determine_template'
  actionview (4.2.5) lib/action_view/renderer/template_renderer.rb:8:in `render'
  actionview (4.2.5) lib/action_view/renderer/renderer.rb:42:in `render_template'
  actionview (4.2.5) lib/action_view/renderer/renderer.rb:23:in `render'
  actionview (4.2.5) lib/action_view/rendering.rb:100:in `_render_template'
  actionpack (4.2.5) lib/action_controller/metal/streaming.rb:217:in `_render_template'
  actionview (4.2.5) lib/action_view/rendering.rb:83:in `render_to_body'
  actionpack (4.2.5) lib/action_controller/metal/rendering.rb:32:in `render_to_body'
  actionpack (4.2.5) lib/action_controller/metal/renderers.rb:37:in `render_to_body'
  actionpack (4.2.5) lib/abstract_controller/rendering.rb:25:in `render'
  actionpack (4.2.5) lib/action_controller/metal/rendering.rb:16:in `render'
  actionpack (4.2.5) lib/action_controller/metal/instrumentation.rb:44:in `block (2 levels) in render'
  activesupport (4.2.5) lib/active_support/core_ext/benchmark.rb:12:in `block in ms'
  /Users/roger/.rvm/rubies/ruby-2.1.4/lib/ruby/2.1.0/benchmark.rb:294:in `realtime'
  activesupport (4.2.5) lib/active_support/core_ext/benchmark.rb:12:in `ms'
  actionpack (4.2.5) lib/action_controller/metal/instrumentation.rb:44:in `block in render'
  actionpack (4.2.5) lib/action_controller/metal/instrumentation.rb:87:in `cleanup_view_runtime'
  actionpack (4.2.5) lib/action_controller/metal/instrumentation.rb:43:in `render'
  actionpack (4.2.5) lib/action_controller/metal/implicit_render.rb:10:in `default_render'
  actionpack (4.2.5) lib/action_controller/metal/implicit_render.rb:5:in `send_action'
  actionpack (4.2.5) lib/abstract_controller/base.rb:198:in `process_action'
  actionpack (4.2.5) lib/action_controller/metal/rendering.rb:10:in `process_action'
  actionpack (4.2.5) lib/abstract_controller/callbacks.rb:20:in `block in process_action'
  activesupport (4.2.5) lib/active_support/callbacks.rb:117:in `call'
  activesupport (4.2.5) lib/active_support/callbacks.rb:117:in `call'
  activesupport (4.2.5) lib/active_support/callbacks.rb:555:in `block (2 levels) in compile'
  activesupport (4.2.5) lib/active_support/callbacks.rb:505:in `call'
  activesupport (4.2.5) lib/active_support/callbacks.rb:505:in `call'
  activesupport (4.2.5) lib/active_support/callbacks.rb:92:in `__run_callbacks__'
  activesupport (4.2.5) lib/active_support/callbacks.rb:778:in `_run_process_action_callbacks'
  activesupport (4.2.5) lib/active_support/callbacks.rb:81:in `run_callbacks'
  actionpack (4.2.5) lib/abstract_controller/callbacks.rb:19:in `process_action'
  actionpack (4.2.5) lib/action_controller/metal/rescue.rb:29:in `process_action'
  actionpack (4.2.5) lib/action_controller/metal/instrumentation.rb:32:in `block in process_action'
  activesupport (4.2.5) lib/active_support/notifications.rb:164:in `block in instrument'
  activesupport (4.2.5) lib/active_support/notifications/instrumenter.rb:20:in `instrument'
  activesupport (4.2.5) lib/active_support/notifications.rb:164:in `instrument'
  actionpack (4.2.5) lib/action_controller/metal/instrumentation.rb:30:in `process_action'
  actionpack (4.2.5) lib/action_controller/metal/params_wrapper.rb:250:in `process_action'
  actionpack (4.2.5) lib/abstract_controller/base.rb:137:in `process'
  actionview (4.2.5) lib/action_view/rendering.rb:30:in `process'
  actionpack (4.2.5) lib/action_controller/metal.rb:196:in `dispatch'
  actionpack (4.2.5) lib/action_controller/metal/rack_delegation.rb:13:in `dispatch'
  actionpack (4.2.5) lib/action_controller/metal.rb:237:in `block in action'
  actionpack (4.2.5) lib/action_dispatch/routing/route_set.rb:76:in `call'
  actionpack (4.2.5) lib/action_dispatch/routing/route_set.rb:76:in `dispatch'
  actionpack (4.2.5) lib/action_dispatch/routing/route_set.rb:45:in `serve'
  actionpack (4.2.5) lib/action_dispatch/journey/router.rb:43:in `block in serve'
  actionpack (4.2.5) lib/action_dispatch/journey/router.rb:30:in `each'
  actionpack (4.2.5) lib/action_dispatch/journey/router.rb:30:in `serve'
  actionpack (4.2.5) lib/action_dispatch/routing/route_set.rb:817:in `call'
  rack (1.6.4) lib/rack/etag.rb:24:in `call'
  rack (1.6.4) lib/rack/conditionalget.rb:25:in `call'
  rack (1.6.4) lib/rack/head.rb:13:in `call'
  actionpack (4.2.5) lib/action_dispatch/middleware/params_parser.rb:27:in `call'
  actionpack (4.2.5) lib/action_dispatch/middleware/flash.rb:260:in `call'
  rack (1.6.4) lib/rack/session/abstract/id.rb:225:in `context'
  rack (1.6.4) lib/rack/session/abstract/id.rb:220:in `call'
  actionpack (4.2.5) lib/action_dispatch/middleware/cookies.rb:560:in `call'
  actionpack (4.2.5) lib/action_dispatch/middleware/callbacks.rb:29:in `block in call'
  activesupport (4.2.5) lib/active_support/callbacks.rb:88:in `__run_callbacks__'
  activesupport (4.2.5) lib/active_support/callbacks.rb:778:in `_run_call_callbacks'
  activesupport (4.2.5) lib/active_support/callbacks.rb:81:in `run_callbacks'
  actionpack (4.2.5) lib/action_dispatch/middleware/callbacks.rb:27:in `call'
  actionpack (4.2.5) lib/action_dispatch/middleware/reloader.rb:73:in `call'
  actionpack (4.2.5) lib/action_dispatch/middleware/remote_ip.rb:78:in `call'
  actionpack (4.2.5) lib/action_dispatch/middleware/debug_exceptions.rb:17:in `call'
  web-console (2.2.1) lib/web_console/middleware.rb:39:in `call'
  actionpack (4.2.5) lib/action_dispatch/middleware/show_exceptions.rb:30:in `call'
  railties (4.2.5) lib/rails/rack/logger.rb:38:in `call_app'
  railties (4.2.5) lib/rails/rack/logger.rb:20:in `block in call'
  activesupport (4.2.5) lib/active_support/tagged_logging.rb:68:in `block in tagged'
  activesupport (4.2.5) lib/active_support/tagged_logging.rb:26:in `tagged'
  activesupport (4.2.5) lib/active_support/tagged_logging.rb:68:in `tagged'
  railties (4.2.5) lib/rails/rack/logger.rb:20:in `call'
  actionpack (4.2.5) lib/action_dispatch/middleware/request_id.rb:21:in `call'
  rack (1.6.4) lib/rack/methodoverride.rb:22:in `call'
  rack (1.6.4) lib/rack/runtime.rb:18:in `call'
  activesupport (4.2.5) lib/active_support/cache/strategy/local_cache_middleware.rb:28:in `call'
  rack (1.6.4) lib/rack/lock.rb:17:in `call'
  actionpack (4.2.5) lib/action_dispatch/middleware/static.rb:116:in `call'
  rack (1.6.4) lib/rack/sendfile.rb:113:in `call'
  railties (4.2.5) lib/rails/engine.rb:518:in `call'
  railties (4.2.5) lib/rails/application.rb:165:in `call'
  rack (1.6.4) lib/rack/lock.rb:17:in `call'
  rack (1.6.4) lib/rack/content_length.rb:15:in `call'
  rack (1.6.4) lib/rack/handler/webrick.rb:88:in `service'
  /Users/roger/.rvm/rubies/ruby-2.1.4/lib/ruby/2.1.0/webrick/httpserver.rb:138:in `service'
  /Users/roger/.rvm/rubies/ruby-2.1.4/lib/ruby/2.1.0/webrick/httpserver.rb:94:in `run'
  /Users/roger/.rvm/rubies/ruby-2.1.4/lib/ruby/2.1.0/webrick/server.rb:295:in `block in start_thread'


  Rendered /Users/roger/.rvm/gems/ruby-2.1.4/gems/actionpack-4.2.5/lib/action_dispatch/middleware/templates/rescues/_source.erb (5.7ms)
  Rendered /Users/roger/.rvm/gems/ruby-2.1.4/gems/actionpack-4.2.5/lib/action_dispatch/middleware/templates/rescues/_trace.html.erb (2.3ms)
  Rendered /Users/roger/.rvm/gems/ruby-2.1.4/gems/actionpack-4.2.5/lib/action_dispatch/middleware/templates/rescues/_request_and_response.html.erb (1.0ms)
  Rendered /Users/roger/.rvm/gems/ruby-2.1.4/gems/actionpack-4.2.5/lib/action_dispatch/middleware/templates/rescues/missing_template.html.erb within rescues/layout (35.3ms)
  Rendered /Users/roger/.rvm/gems/ruby-2.1.4/gems/web-console-2.2.1/lib/web_console/templates/_markup.html.erb (7.0ms)
  Rendered /Users/roger/.rvm/gems/ruby-2.1.4/gems/web-console-2.2.1/lib/web_console/templates/_inner_console_markup.html.erb within layouts/inlined_string (0.7ms)
  Rendered /Users/roger/.rvm/gems/ruby-2.1.4/gems/web-console-2.2.1/lib/web_console/templates/_prompt_box_markup.html.erb within layouts/inlined_string (0.3ms)
  Rendered /Users/roger/.rvm/gems/ruby-2.1.4/gems/web-console-2.2.1/lib/web_console/templates/style.css.erb within layouts/inlined_string (0.4ms)
  Rendered /Users/roger/.rvm/gems/ruby-2.1.4/gems/web-console-2.2.1/lib/web_console/templates/console.js.erb within layouts/javascript (39.2ms)
  Rendered /Users/roger/.rvm/gems/ruby-2.1.4/gems/web-console-2.2.1/lib/web_console/templates/main.js.erb within layouts/javascript (0.4ms)
  Rendered /Users/roger/.rvm/gems/ruby-2.1.4/gems/web-console-2.2.1/lib/web_console/templates/error_page.js.erb within layouts/javascript (0.5ms)
  Rendered /Users/roger/.rvm/gems/ruby-2.1.4/gems/web-console-2.2.1/lib/web_console/templates/index.html.erb (97.6ms)


Started GET "/" for ::1 at 2016-01-13 12:17:03 +0800
Processing by PostController#index as HTML
Completed 500 Internal Server Error in 37ms

ActionView::MissingTemplate (Missing template post/index, application/index with {:locale=>[:en], :formats=>[:html], :variants=>[], :handlers=>[:erb, :builder, :raw, :ruby, :slim, :coffee, :jbuilder]}. Searched in:
  * "/Users/roger/Repos/manors/app/views"
):
  actionview (4.2.5) lib/action_view/path_set.rb:46:in `find'
  actionview (4.2.5) lib/action_view/lookup_context.rb:121:in `find'
  actionview (4.2.5) lib/action_view/renderer/abstract_renderer.rb:18:in `find_template'
  actionview (4.2.5) lib/action_view/renderer/template_renderer.rb:40:in `determine_template'
  actionview (4.2.5) lib/action_view/renderer/template_renderer.rb:8:in `render'
  actionview (4.2.5) lib/action_view/renderer/renderer.rb:42:in `render_template'
  actionview (4.2.5) lib/action_view/renderer/renderer.rb:23:in `render'
  actionview (4.2.5) lib/action_view/rendering.rb:100:in `_render_template'
  actionpack (4.2.5) lib/action_controller/metal/streaming.rb:217:in `_render_template'
  actionview (4.2.5) lib/action_view/rendering.rb:83:in `render_to_body'
  actionpack (4.2.5) lib/action_controller/metal/rendering.rb:32:in `render_to_body'
  actionpack (4.2.5) lib/action_controller/metal/renderers.rb:37:in `render_to_body'
  actionpack (4.2.5) lib/abstract_controller/rendering.rb:25:in `render'
  actionpack (4.2.5) lib/action_controller/metal/rendering.rb:16:in `render'
  actionpack (4.2.5) lib/action_controller/metal/instrumentation.rb:44:in `block (2 levels) in render'
  activesupport (4.2.5) lib/active_support/core_ext/benchmark.rb:12:in `block in ms'
  /Users/roger/.rvm/rubies/ruby-2.1.4/lib/ruby/2.1.0/benchmark.rb:294:in `realtime'
  activesupport (4.2.5) lib/active_support/core_ext/benchmark.rb:12:in `ms'
  actionpack (4.2.5) lib/action_controller/metal/instrumentation.rb:44:in `block in render'
  actionpack (4.2.5) lib/action_controller/metal/instrumentation.rb:87:in `cleanup_view_runtime'
  actionpack (4.2.5) lib/action_controller/metal/instrumentation.rb:43:in `render'
  actionpack (4.2.5) lib/action_controller/metal/implicit_render.rb:10:in `default_render'
  actionpack (4.2.5) lib/action_controller/metal/implicit_render.rb:5:in `send_action'
  actionpack (4.2.5) lib/abstract_controller/base.rb:198:in `process_action'
  actionpack (4.2.5) lib/action_controller/metal/rendering.rb:10:in `process_action'
  actionpack (4.2.5) lib/abstract_controller/callbacks.rb:20:in `block in process_action'
  activesupport (4.2.5) lib/active_support/callbacks.rb:117:in `call'
  activesupport (4.2.5) lib/active_support/callbacks.rb:117:in `call'
  activesupport (4.2.5) lib/active_support/callbacks.rb:555:in `block (2 levels) in compile'
  activesupport (4.2.5) lib/active_support/callbacks.rb:505:in `call'
  activesupport (4.2.5) lib/active_support/callbacks.rb:505:in `call'
  activesupport (4.2.5) lib/active_support/callbacks.rb:92:in `__run_callbacks__'
  activesupport (4.2.5) lib/active_support/callbacks.rb:778:in `_run_process_action_callbacks'
  activesupport (4.2.5) lib/active_support/callbacks.rb:81:in `run_callbacks'
  actionpack (4.2.5) lib/abstract_controller/callbacks.rb:19:in `process_action'
  actionpack (4.2.5) lib/action_controller/metal/rescue.rb:29:in `process_action'
  actionpack (4.2.5) lib/action_controller/metal/instrumentation.rb:32:in `block in process_action'
  activesupport (4.2.5) lib/active_support/notifications.rb:164:in `block in instrument'
  activesupport (4.2.5) lib/active_support/notifications/instrumenter.rb:20:in `instrument'
  activesupport (4.2.5) lib/active_support/notifications.rb:164:in `instrument'
  actionpack (4.2.5) lib/action_controller/metal/instrumentation.rb:30:in `process_action'
  actionpack (4.2.5) lib/action_controller/metal/params_wrapper.rb:250:in `process_action'
  actionpack (4.2.5) lib/abstract_controller/base.rb:137:in `process'
  actionview (4.2.5) lib/action_view/rendering.rb:30:in `process'
  actionpack (4.2.5) lib/action_controller/metal.rb:196:in `dispatch'
  actionpack (4.2.5) lib/action_controller/metal/rack_delegation.rb:13:in `dispatch'
  actionpack (4.2.5) lib/action_controller/metal.rb:237:in `block in action'
  actionpack (4.2.5) lib/action_dispatch/routing/route_set.rb:76:in `call'
  actionpack (4.2.5) lib/action_dispatch/routing/route_set.rb:76:in `dispatch'
  actionpack (4.2.5) lib/action_dispatch/routing/route_set.rb:45:in `serve'
  actionpack (4.2.5) lib/action_dispatch/journey/router.rb:43:in `block in serve'
  actionpack (4.2.5) lib/action_dispatch/journey/router.rb:30:in `each'
  actionpack (4.2.5) lib/action_dispatch/journey/router.rb:30:in `serve'
  actionpack (4.2.5) lib/action_dispatch/routing/route_set.rb:817:in `call'
  rack (1.6.4) lib/rack/etag.rb:24:in `call'
  rack (1.6.4) lib/rack/conditionalget.rb:25:in `call'
  rack (1.6.4) lib/rack/head.rb:13:in `call'
  actionpack (4.2.5) lib/action_dispatch/middleware/params_parser.rb:27:in `call'
  actionpack (4.2.5) lib/action_dispatch/middleware/flash.rb:260:in `call'
  rack (1.6.4) lib/rack/session/abstract/id.rb:225:in `context'
  rack (1.6.4) lib/rack/session/abstract/id.rb:220:in `call'
  actionpack (4.2.5) lib/action_dispatch/middleware/cookies.rb:560:in `call'
  actionpack (4.2.5) lib/action_dispatch/middleware/callbacks.rb:29:in `block in call'
  activesupport (4.2.5) lib/active_support/callbacks.rb:88:in `__run_callbacks__'
  activesupport (4.2.5) lib/active_support/callbacks.rb:778:in `_run_call_callbacks'
  activesupport (4.2.5) lib/active_support/callbacks.rb:81:in `run_callbacks'
  actionpack (4.2.5) lib/action_dispatch/middleware/callbacks.rb:27:in `call'
  actionpack (4.2.5) lib/action_dispatch/middleware/reloader.rb:73:in `call'
  actionpack (4.2.5) lib/action_dispatch/middleware/remote_ip.rb:78:in `call'
  actionpack (4.2.5) lib/action_dispatch/middleware/debug_exceptions.rb:17:in `call'
  web-console (2.2.1) lib/web_console/middleware.rb:39:in `call'
  actionpack (4.2.5) lib/action_dispatch/middleware/show_exceptions.rb:30:in `call'
  railties (4.2.5) lib/rails/rack/logger.rb:38:in `call_app'
  railties (4.2.5) lib/rails/rack/logger.rb:20:in `block in call'
  activesupport (4.2.5) lib/active_support/tagged_logging.rb:68:in `block in tagged'
  activesupport (4.2.5) lib/active_support/tagged_logging.rb:26:in `tagged'
  activesupport (4.2.5) lib/active_support/tagged_logging.rb:68:in `tagged'
  railties (4.2.5) lib/rails/rack/logger.rb:20:in `call'
  actionpack (4.2.5) lib/action_dispatch/middleware/request_id.rb:21:in `call'
  rack (1.6.4) lib/rack/methodoverride.rb:22:in `call'
  rack (1.6.4) lib/rack/runtime.rb:18:in `call'
  activesupport (4.2.5) lib/active_support/cache/strategy/local_cache_middleware.rb:28:in `call'
  rack (1.6.4) lib/rack/lock.rb:17:in `call'
  actionpack (4.2.5) lib/action_dispatch/middleware/static.rb:116:in `call'
  rack (1.6.4) lib/rack/sendfile.rb:113:in `call'
  railties (4.2.5) lib/rails/engine.rb:518:in `call'
  railties (4.2.5) lib/rails/application.rb:165:in `call'
  rack (1.6.4) lib/rack/lock.rb:17:in `call'
  rack (1.6.4) lib/rack/content_length.rb:15:in `call'
  rack (1.6.4) lib/rack/handler/webrick.rb:88:in `service'
  /Users/roger/.rvm/rubies/ruby-2.1.4/lib/ruby/2.1.0/webrick/httpserver.rb:138:in `service'
  /Users/roger/.rvm/rubies/ruby-2.1.4/lib/ruby/2.1.0/webrick/httpserver.rb:94:in `run'
  /Users/roger/.rvm/rubies/ruby-2.1.4/lib/ruby/2.1.0/webrick/server.rb:295:in `block in start_thread'


  Rendered /Users/roger/.rvm/gems/ruby-2.1.4/gems/actionpack-4.2.5/lib/action_dispatch/middleware/templates/rescues/_source.erb (6.9ms)
  Rendered /Users/roger/.rvm/gems/ruby-2.1.4/gems/actionpack-4.2.5/lib/action_dispatch/middleware/templates/rescues/_trace.html.erb (4.6ms)
  Rendered /Users/roger/.rvm/gems/ruby-2.1.4/gems/actionpack-4.2.5/lib/action_dispatch/middleware/templates/rescues/_request_and_response.html.erb (1.4ms)
  Rendered /Users/roger/.rvm/gems/ruby-2.1.4/gems/actionpack-4.2.5/lib/action_dispatch/middleware/templates/rescues/missing_template.html.erb within rescues/layout (46.3ms)
  Rendered /Users/roger/.rvm/gems/ruby-2.1.4/gems/web-console-2.2.1/lib/web_console/templates/_markup.html.erb (0.5ms)
  Rendered /Users/roger/.rvm/gems/ruby-2.1.4/gems/web-console-2.2.1/lib/web_console/templates/_inner_console_markup.html.erb within layouts/inlined_string (0.6ms)
  Rendered /Users/roger/.rvm/gems/ruby-2.1.4/gems/web-console-2.2.1/lib/web_console/templates/_prompt_box_markup.html.erb within layouts/inlined_string (0.5ms)
  Rendered /Users/roger/.rvm/gems/ruby-2.1.4/gems/web-console-2.2.1/lib/web_console/templates/style.css.erb within layouts/inlined_string (0.4ms)
  Rendered /Users/roger/.rvm/gems/ruby-2.1.4/gems/web-console-2.2.1/lib/web_console/templates/console.js.erb within layouts/javascript (37.7ms)
  Rendered /Users/roger/.rvm/gems/ruby-2.1.4/gems/web-console-2.2.1/lib/web_console/templates/main.js.erb within layouts/javascript (0.6ms)
  Rendered /Users/roger/.rvm/gems/ruby-2.1.4/gems/web-console-2.2.1/lib/web_console/templates/error_page.js.erb within layouts/javascript (0.6ms)
  Rendered /Users/roger/.rvm/gems/ruby-2.1.4/gems/web-console-2.2.1/lib/web_console/templates/index.html.erb (86.1ms)


Started GET "/" for ::1 at 2016-01-13 12:18:30 +0800
Processing by PostController#index as HTML
Completed 500 Internal Server Error in 2ms

ActionView::MissingTemplate (Missing template post/index, application/index with {:locale=>[:en], :formats=>[:html], :variants=>[], :handlers=>[:erb, :builder, :raw, :ruby, :slim, :coffee, :jbuilder]}. Searched in:
  * "/Users/roger/Repos/manors/app/views"
):
  actionview (4.2.5) lib/action_view/path_set.rb:46:in `find'
  actionview (4.2.5) lib/action_view/lookup_context.rb:121:in `find'
  actionview (4.2.5) lib/action_view/renderer/abstract_renderer.rb:18:in `find_template'
  actionview (4.2.5) lib/action_view/renderer/template_renderer.rb:40:in `determine_template'
  actionview (4.2.5) lib/action_view/renderer/template_renderer.rb:8:in `render'
  actionview (4.2.5) lib/action_view/renderer/renderer.rb:42:in `render_template'
  actionview (4.2.5) lib/action_view/renderer/renderer.rb:23:in `render'
  actionview (4.2.5) lib/action_view/rendering.rb:100:in `_render_template'
  actionpack (4.2.5) lib/action_controller/metal/streaming.rb:217:in `_render_template'
  actionview (4.2.5) lib/action_view/rendering.rb:83:in `render_to_body'
  actionpack (4.2.5) lib/action_controller/metal/rendering.rb:32:in `render_to_body'
  actionpack (4.2.5) lib/action_controller/metal/renderers.rb:37:in `render_to_body'
  actionpack (4.2.5) lib/abstract_controller/rendering.rb:25:in `render'
  actionpack (4.2.5) lib/action_controller/metal/rendering.rb:16:in `render'
  actionpack (4.2.5) lib/action_controller/metal/instrumentation.rb:44:in `block (2 levels) in render'
  activesupport (4.2.5) lib/active_support/core_ext/benchmark.rb:12:in `block in ms'
  /Users/roger/.rvm/rubies/ruby-2.1.4/lib/ruby/2.1.0/benchmark.rb:294:in `realtime'
  activesupport (4.2.5) lib/active_support/core_ext/benchmark.rb:12:in `ms'
  actionpack (4.2.5) lib/action_controller/metal/instrumentation.rb:44:in `block in render'
  actionpack (4.2.5) lib/action_controller/metal/instrumentation.rb:87:in `cleanup_view_runtime'
  actionpack (4.2.5) lib/action_controller/metal/instrumentation.rb:43:in `render'
  actionpack (4.2.5) lib/action_controller/metal/implicit_render.rb:10:in `default_render'
  actionpack (4.2.5) lib/action_controller/metal/implicit_render.rb:5:in `send_action'
  actionpack (4.2.5) lib/abstract_controller/base.rb:198:in `process_action'
  actionpack (4.2.5) lib/action_controller/metal/rendering.rb:10:in `process_action'
  actionpack (4.2.5) lib/abstract_controller/callbacks.rb:20:in `block in process_action'
  activesupport (4.2.5) lib/active_support/callbacks.rb:117:in `call'
  activesupport (4.2.5) lib/active_support/callbacks.rb:117:in `call'
  activesupport (4.2.5) lib/active_support/callbacks.rb:555:in `block (2 levels) in compile'
  activesupport (4.2.5) lib/active_support/callbacks.rb:505:in `call'
  activesupport (4.2.5) lib/active_support/callbacks.rb:505:in `call'
  activesupport (4.2.5) lib/active_support/callbacks.rb:92:in `__run_callbacks__'
  activesupport (4.2.5) lib/active_support/callbacks.rb:778:in `_run_process_action_callbacks'
  activesupport (4.2.5) lib/active_support/callbacks.rb:81:in `run_callbacks'
  actionpack (4.2.5) lib/abstract_controller/callbacks.rb:19:in `process_action'
  actionpack (4.2.5) lib/action_controller/metal/rescue.rb:29:in `process_action'
  actionpack (4.2.5) lib/action_controller/metal/instrumentation.rb:32:in `block in process_action'
  activesupport (4.2.5) lib/active_support/notifications.rb:164:in `block in instrument'
  activesupport (4.2.5) lib/active_support/notifications/instrumenter.rb:20:in `instrument'
  activesupport (4.2.5) lib/active_support/notifications.rb:164:in `instrument'
  actionpack (4.2.5) lib/action_controller/metal/instrumentation.rb:30:in `process_action'
  actionpack (4.2.5) lib/action_controller/metal/params_wrapper.rb:250:in `process_action'
  actionpack (4.2.5) lib/abstract_controller/base.rb:137:in `process'
  actionview (4.2.5) lib/action_view/rendering.rb:30:in `process'
  actionpack (4.2.5) lib/action_controller/metal.rb:196:in `dispatch'
  actionpack (4.2.5) lib/action_controller/metal/rack_delegation.rb:13:in `dispatch'
  actionpack (4.2.5) lib/action_controller/metal.rb:237:in `block in action'
  actionpack (4.2.5) lib/action_dispatch/routing/route_set.rb:76:in `call'
  actionpack (4.2.5) lib/action_dispatch/routing/route_set.rb:76:in `dispatch'
  actionpack (4.2.5) lib/action_dispatch/routing/route_set.rb:45:in `serve'
  actionpack (4.2.5) lib/action_dispatch/journey/router.rb:43:in `block in serve'
  actionpack (4.2.5) lib/action_dispatch/journey/router.rb:30:in `each'
  actionpack (4.2.5) lib/action_dispatch/journey/router.rb:30:in `serve'
  actionpack (4.2.5) lib/action_dispatch/routing/route_set.rb:817:in `call'
  rack (1.6.4) lib/rack/etag.rb:24:in `call'
  rack (1.6.4) lib/rack/conditionalget.rb:25:in `call'
  rack (1.6.4) lib/rack/head.rb:13:in `call'
  actionpack (4.2.5) lib/action_dispatch/middleware/params_parser.rb:27:in `call'
  actionpack (4.2.5) lib/action_dispatch/middleware/flash.rb:260:in `call'
  rack (1.6.4) lib/rack/session/abstract/id.rb:225:in `context'
  rack (1.6.4) lib/rack/session/abstract/id.rb:220:in `call'
  actionpack (4.2.5) lib/action_dispatch/middleware/cookies.rb:560:in `call'
  actionpack (4.2.5) lib/action_dispatch/middleware/callbacks.rb:29:in `block in call'
  activesupport (4.2.5) lib/active_support/callbacks.rb:88:in `__run_callbacks__'
  activesupport (4.2.5) lib/active_support/callbacks.rb:778:in `_run_call_callbacks'
  activesupport (4.2.5) lib/active_support/callbacks.rb:81:in `run_callbacks'
  actionpack (4.2.5) lib/action_dispatch/middleware/callbacks.rb:27:in `call'
  actionpack (4.2.5) lib/action_dispatch/middleware/reloader.rb:73:in `call'
  actionpack (4.2.5) lib/action_dispatch/middleware/remote_ip.rb:78:in `call'
  actionpack (4.2.5) lib/action_dispatch/middleware/debug_exceptions.rb:17:in `call'
  web-console (2.2.1) lib/web_console/middleware.rb:39:in `call'
  actionpack (4.2.5) lib/action_dispatch/middleware/show_exceptions.rb:30:in `call'
  railties (4.2.5) lib/rails/rack/logger.rb:38:in `call_app'
  railties (4.2.5) lib/rails/rack/logger.rb:20:in `block in call'
  activesupport (4.2.5) lib/active_support/tagged_logging.rb:68:in `block in tagged'
  activesupport (4.2.5) lib/active_support/tagged_logging.rb:26:in `tagged'
  activesupport (4.2.5) lib/active_support/tagged_logging.rb:68:in `tagged'
  railties (4.2.5) lib/rails/rack/logger.rb:20:in `call'
  actionpack (4.2.5) lib/action_dispatch/middleware/request_id.rb:21:in `call'
  rack (1.6.4) lib/rack/methodoverride.rb:22:in `call'
  rack (1.6.4) lib/rack/runtime.rb:18:in `call'
  activesupport (4.2.5) lib/active_support/cache/strategy/local_cache_middleware.rb:28:in `call'
  rack (1.6.4) lib/rack/lock.rb:17:in `call'
  actionpack (4.2.5) lib/action_dispatch/middleware/static.rb:116:in `call'
  rack (1.6.4) lib/rack/sendfile.rb:113:in `call'
  railties (4.2.5) lib/rails/engine.rb:518:in `call'
  railties (4.2.5) lib/rails/application.rb:165:in `call'
  rack (1.6.4) lib/rack/lock.rb:17:in `call'
  rack (1.6.4) lib/rack/content_length.rb:15:in `call'
  rack (1.6.4) lib/rack/handler/webrick.rb:88:in `service'
  /Users/roger/.rvm/rubies/ruby-2.1.4/lib/ruby/2.1.0/webrick/httpserver.rb:138:in `service'
  /Users/roger/.rvm/rubies/ruby-2.1.4/lib/ruby/2.1.0/webrick/httpserver.rb:94:in `run'
  /Users/roger/.rvm/rubies/ruby-2.1.4/lib/ruby/2.1.0/webrick/server.rb:295:in `block in start_thread'


  Rendered /Users/roger/.rvm/gems/ruby-2.1.4/gems/actionpack-4.2.5/lib/action_dispatch/middleware/templates/rescues/_source.erb (10.3ms)
  Rendered /Users/roger/.rvm/gems/ruby-2.1.4/gems/actionpack-4.2.5/lib/action_dispatch/middleware/templates/rescues/_trace.html.erb (3.0ms)
  Rendered /Users/roger/.rvm/gems/ruby-2.1.4/gems/actionpack-4.2.5/lib/action_dispatch/middleware/templates/rescues/_request_and_response.html.erb (1.1ms)
  Rendered /Users/roger/.rvm/gems/ruby-2.1.4/gems/actionpack-4.2.5/lib/action_dispatch/middleware/templates/rescues/missing_template.html.erb within rescues/layout (38.2ms)
  Rendered /Users/roger/.rvm/gems/ruby-2.1.4/gems/web-console-2.2.1/lib/web_console/templates/_markup.html.erb (0.5ms)
  Rendered /Users/roger/.rvm/gems/ruby-2.1.4/gems/web-console-2.2.1/lib/web_console/templates/_inner_console_markup.html.erb within layouts/inlined_string (0.6ms)
  Rendered /Users/roger/.rvm/gems/ruby-2.1.4/gems/web-console-2.2.1/lib/web_console/templates/_prompt_box_markup.html.erb within layouts/inlined_string (0.6ms)
  Rendered /Users/roger/.rvm/gems/ruby-2.1.4/gems/web-console-2.2.1/lib/web_console/templates/style.css.erb within layouts/inlined_string (0.8ms)
  Rendered /Users/roger/.rvm/gems/ruby-2.1.4/gems/web-console-2.2.1/lib/web_console/templates/console.js.erb within layouts/javascript (39.1ms)
  Rendered /Users/roger/.rvm/gems/ruby-2.1.4/gems/web-console-2.2.1/lib/web_console/templates/main.js.erb within layouts/javascript (0.4ms)
  Rendered /Users/roger/.rvm/gems/ruby-2.1.4/gems/web-console-2.2.1/lib/web_console/templates/error_page.js.erb within layouts/javascript (0.5ms)
  Rendered /Users/roger/.rvm/gems/ruby-2.1.4/gems/web-console-2.2.1/lib/web_console/templates/index.html.erb (74.2ms)


Started GET "/" for ::1 at 2016-01-13 12:19:22 +0800
Processing by PostController#index as HTML
Completed 500 Internal Server Error in 6ms

ActionView::MissingTemplate (Missing template post/index, application/index with {:locale=>[:en], :formats=>[:html], :variants=>[], :handlers=>[:erb, :builder, :raw, :ruby, :slim, :coffee, :jbuilder]}. Searched in:
  * "/Users/roger/Repos/manors/app/views"
):
  app/controllers/post_controller.rb:4:in `index'


  Rendered /Users/roger/.rvm/gems/ruby-2.1.4/gems/actionpack-4.2.5/lib/action_dispatch/middleware/templates/rescues/_source.erb (5.3ms)
  Rendered /Users/roger/.rvm/gems/ruby-2.1.4/gems/actionpack-4.2.5/lib/action_dispatch/middleware/templates/rescues/_trace.html.erb (2.6ms)
  Rendered /Users/roger/.rvm/gems/ruby-2.1.4/gems/actionpack-4.2.5/lib/action_dispatch/middleware/templates/rescues/_request_and_response.html.erb (0.8ms)
  Rendered /Users/roger/.rvm/gems/ruby-2.1.4/gems/actionpack-4.2.5/lib/action_dispatch/middleware/templates/rescues/missing_template.html.erb within rescues/layout (21.8ms)
  Rendered /Users/roger/.rvm/gems/ruby-2.1.4/gems/web-console-2.2.1/lib/web_console/templates/_markup.html.erb (0.3ms)
  Rendered /Users/roger/.rvm/gems/ruby-2.1.4/gems/web-console-2.2.1/lib/web_console/templates/_inner_console_markup.html.erb within layouts/inlined_string (0.4ms)
  Rendered /Users/roger/.rvm/gems/ruby-2.1.4/gems/web-console-2.2.1/lib/web_console/templates/_prompt_box_markup.html.erb within layouts/inlined_string (0.4ms)
  Rendered /Users/roger/.rvm/gems/ruby-2.1.4/gems/web-console-2.2.1/lib/web_console/templates/style.css.erb within layouts/inlined_string (0.3ms)
  Rendered /Users/roger/.rvm/gems/ruby-2.1.4/gems/web-console-2.2.1/lib/web_console/templates/console.js.erb within layouts/javascript (17.5ms)
  Rendered /Users/roger/.rvm/gems/ruby-2.1.4/gems/web-console-2.2.1/lib/web_console/templates/main.js.erb within layouts/javascript (0.4ms)
  Rendered /Users/roger/.rvm/gems/ruby-2.1.4/gems/web-console-2.2.1/lib/web_console/templates/error_page.js.erb within layouts/javascript (0.4ms)
  Rendered /Users/roger/.rvm/gems/ruby-2.1.4/gems/web-console-2.2.1/lib/web_console/templates/index.html.erb (35.2ms)


Started GET "/" for ::1 at 2016-01-13 12:22:19 +0800
Processing by PostController#index as HTML
  Rendered post/index.html.slim within layouts/application (237.6ms)
Completed 500 Internal Server Error in 253ms

ActionView::Template::Error (undefined method `full_title' for #<#<Class:0x007fcc19a1d8e8>:0x007fcc1c101630>):
    1: doctype html
    2: html
    3:   head
    4:     title = full_title("Marons")
  app/views/post/index.html.slim:4:in `_app_views_post_index_html_slim__354266560542206781_70257310407680'
  app/controllers/post_controller.rb:4:in `index'


  Rendered /Users/roger/.rvm/gems/ruby-2.1.4/gems/actionpack-4.2.5/lib/action_dispatch/middleware/templates/rescues/_source.erb (10.4ms)
  Rendered /Users/roger/.rvm/gems/ruby-2.1.4/gems/actionpack-4.2.5/lib/action_dispatch/middleware/templates/rescues/_trace.html.erb (5.7ms)
  Rendered /Users/roger/.rvm/gems/ruby-2.1.4/gems/actionpack-4.2.5/lib/action_dispatch/middleware/templates/rescues/_request_and_response.html.erb (1.4ms)
  Rendered /Users/roger/.rvm/gems/ruby-2.1.4/gems/actionpack-4.2.5/lib/action_dispatch/middleware/templates/rescues/template_error.html.erb within rescues/layout (41.8ms)
  Rendered /Users/roger/.rvm/gems/ruby-2.1.4/gems/web-console-2.2.1/lib/web_console/templates/_markup.html.erb (0.7ms)
  Rendered /Users/roger/.rvm/gems/ruby-2.1.4/gems/web-console-2.2.1/lib/web_console/templates/_inner_console_markup.html.erb within layouts/inlined_string (0.7ms)
  Rendered /Users/roger/.rvm/gems/ruby-2.1.4/gems/web-console-2.2.1/lib/web_console/templates/_prompt_box_markup.html.erb within layouts/inlined_string (0.7ms)
  Rendered /Users/roger/.rvm/gems/ruby-2.1.4/gems/web-console-2.2.1/lib/web_console/templates/style.css.erb within layouts/inlined_string (0.7ms)
  Rendered /Users/roger/.rvm/gems/ruby-2.1.4/gems/web-console-2.2.1/lib/web_console/templates/console.js.erb within layouts/javascript (37.0ms)
  Rendered /Users/roger/.rvm/gems/ruby-2.1.4/gems/web-console-2.2.1/lib/web_console/templates/main.js.erb within layouts/javascript (0.5ms)
  Rendered /Users/roger/.rvm/gems/ruby-2.1.4/gems/web-console-2.2.1/lib/web_console/templates/error_page.js.erb within layouts/javascript (1.1ms)
  Rendered /Users/roger/.rvm/gems/ruby-2.1.4/gems/web-console-2.2.1/lib/web_console/templates/index.html.erb (72.7ms)


Started GET "/" for ::1 at 2016-01-13 12:22:32 +0800
Processing by PostController#index as HTML
  Rendered post/index.html.slim within layouts/application (10.7ms)
Completed 500 Internal Server Error in 30ms

ActionView::Template::Error (undefined method `full_title' for #<#<Class:0x007fcc19a1d8e8>:0x007fcc18882200>):
    1: doctype html
    2: html
    3:   head
    4:     title = full_title("Marons")
  app/views/layouts/application.html.slim:4:in `_app_views_layouts_application_html_slim__3907600834812503041_70257310373560'
  app/controllers/post_controller.rb:4:in `index'


  Rendered /Users/roger/.rvm/gems/ruby-2.1.4/gems/actionpack-4.2.5/lib/action_dispatch/middleware/templates/rescues/_source.erb (9.5ms)
  Rendered /Users/roger/.rvm/gems/ruby-2.1.4/gems/actionpack-4.2.5/lib/action_dispatch/middleware/templates/rescues/_trace.html.erb (3.5ms)
  Rendered /Users/roger/.rvm/gems/ruby-2.1.4/gems/actionpack-4.2.5/lib/action_dispatch/middleware/templates/rescues/_request_and_response.html.erb (1.4ms)
  Rendered /Users/roger/.rvm/gems/ruby-2.1.4/gems/actionpack-4.2.5/lib/action_dispatch/middleware/templates/rescues/template_error.html.erb within rescues/layout (36.7ms)
  Rendered /Users/roger/.rvm/gems/ruby-2.1.4/gems/web-console-2.2.1/lib/web_console/templates/_markup.html.erb (0.5ms)
  Rendered /Users/roger/.rvm/gems/ruby-2.1.4/gems/web-console-2.2.1/lib/web_console/templates/_inner_console_markup.html.erb within layouts/inlined_string (0.5ms)
  Rendered /Users/roger/.rvm/gems/ruby-2.1.4/gems/web-console-2.2.1/lib/web_console/templates/_prompt_box_markup.html.erb within layouts/inlined_string (0.5ms)
  Rendered /Users/roger/.rvm/gems/ruby-2.1.4/gems/web-console-2.2.1/lib/web_console/templates/style.css.erb within layouts/inlined_string (0.5ms)
  Rendered /Users/roger/.rvm/gems/ruby-2.1.4/gems/web-console-2.2.1/lib/web_console/templates/console.js.erb within layouts/javascript (32.9ms)
  Rendered /Users/roger/.rvm/gems/ruby-2.1.4/gems/web-console-2.2.1/lib/web_console/templates/main.js.erb within layouts/javascript (0.6ms)
  Rendered /Users/roger/.rvm/gems/ruby-2.1.4/gems/web-console-2.2.1/lib/web_console/templates/error_page.js.erb within layouts/javascript (0.6ms)
  Rendered /Users/roger/.rvm/gems/ruby-2.1.4/gems/web-console-2.2.1/lib/web_console/templates/index.html.erb (69.8ms)


Started GET "/" for ::1 at 2016-01-13 12:23:11 +0800
Processing by PostController#index as HTML
  Rendered post/index.html.slim within layouts/application (4.9ms)
Completed 200 OK in 18ms (Views: 17.5ms)


Started GET "/" for ::1 at 2016-01-13 12:23:13 +0800
Processing by PostController#index as HTML
  Rendered post/index.html.slim within layouts/application (0.1ms)
Completed 200 OK in 3ms (Views: 2.3ms)


Started GET "/" for ::1 at 2016-01-13 12:23:15 +0800
Processing by PostController#index as HTML
  Rendered post/index.html.slim within layouts/application (0.0ms)
Completed 200 OK in 2ms (Views: 1.3ms)


Started GET "/" for ::1 at 2016-01-13 12:28:05 +0800
Processing by PostController#index as HTML
  Rendered post/index.html.slim within layouts/application (17.6ms)
Completed 200 OK in 39ms (Views: 36.0ms)


Started GET "/" for ::1 at 2016-01-13 12:30:24 +0800
Processing by PostController#index as HTML
  Rendered post/index.html.slim within layouts/application (5.4ms)
Completed 200 OK in 13ms (Views: 12.8ms)


Started GET "/" for ::1 at 2016-01-13 12:31:44 +0800
Processing by PostController#index as HTML
  Rendered post/index.html.slim within layouts/application (0.1ms)
Completed 200 OK in 15ms (Views: 14.6ms)


Started GET "/" for ::1 at 2016-01-13 12:32:07 +0800
Processing by PostController#index as HTML
  Rendered post/index.html.slim within layouts/application (0.2ms)
Completed 200 OK in 8ms (Views: 7.3ms)


Started GET "/" for ::1 at 2016-01-13 12:35:23 +0800
Processing by PostController#index as HTML
  Rendered post/index.html.slim within layouts/application (0.1ms)
Completed 200 OK in 15ms (Views: 14.3ms)


Started GET "/" for ::1 at 2016-01-13 12:35:44 +0800
Processing by PostController#index as HTML
  Rendered post/index.html.slim within layouts/application (7.3ms)
Completed 200 OK in 12ms (Views: 11.7ms)


Started GET "/" for ::1 at 2016-01-13 16:54:43 +0800
Processing by PostController#index as HTML
  Rendered text template (0.0ms)
Completed 200 OK in 44ms (Views: 26.2ms)


Started GET "/" for ::1 at 2016-01-13 17:03:41 +0800
Processing by PostController#index as HTML
  Rendered text template (0.0ms)
Completed 200 OK in 35ms (Views: 3.1ms)


Started GET "/" for ::1 at 2016-01-13 17:05:47 +0800
Processing by PostController#index as HTML
  Rendered text template (0.0ms)
Completed 200 OK in 1ms (Views: 0.3ms)


Started GET "/" for ::1 at 2016-01-13 17:12:23 +0800
Processing by PostController#index as HTML
  Rendered text template (0.0ms)
Completed 200 OK in 12ms (Views: 2.7ms)


Started GET "/" for ::1 at 2016-01-13 17:12:24 +0800
Processing by PostController#index as HTML
  Rendered text template (0.0ms)
Completed 200 OK in 1ms (Views: 0.2ms)


Started GET "/" for ::1 at 2016-01-13 17:12:26 +0800
Processing by PostController#index as HTML
  Rendered text template (0.0ms)
Completed 200 OK in 1ms (Views: 0.3ms)


Started GET "/" for ::1 at 2016-01-13 17:12:35 +0800
Processing by PostController#index as HTML
  Rendered post/index.html.slim within layouts/application (34.1ms)
Completed 500 Internal Server Error in 60ms

ActionView::Template::Error (Missing block):
    1: 
    2: div id="posts"
    3:  = form_for @posts 
  app/views/post/index.html.slim:3:in `_app_views_post_index_html_slim___2005745337919173059_70294807156500'


  Rendered /Users/roger/.rvm/gems/ruby-2.1.4/gems/actionpack-4.2.5/lib/action_dispatch/middleware/templates/rescues/_source.erb (9.3ms)
  Rendered /Users/roger/.rvm/gems/ruby-2.1.4/gems/actionpack-4.2.5/lib/action_dispatch/middleware/templates/rescues/_trace.html.erb (4.5ms)
  Rendered /Users/roger/.rvm/gems/ruby-2.1.4/gems/actionpack-4.2.5/lib/action_dispatch/middleware/templates/rescues/_request_and_response.html.erb (1.6ms)
  Rendered /Users/roger/.rvm/gems/ruby-2.1.4/gems/actionpack-4.2.5/lib/action_dispatch/middleware/templates/rescues/template_error.html.erb within rescues/layout (50.0ms)
  Rendered /Users/roger/.rvm/gems/ruby-2.1.4/gems/web-console-2.2.1/lib/web_console/templates/_markup.html.erb (0.5ms)
  Rendered /Users/roger/.rvm/gems/ruby-2.1.4/gems/web-console-2.2.1/lib/web_console/templates/_inner_console_markup.html.erb within layouts/inlined_string (0.5ms)
  Rendered /Users/roger/.rvm/gems/ruby-2.1.4/gems/web-console-2.2.1/lib/web_console/templates/_prompt_box_markup.html.erb within layouts/inlined_string (0.4ms)
  Rendered /Users/roger/.rvm/gems/ruby-2.1.4/gems/web-console-2.2.1/lib/web_console/templates/style.css.erb within layouts/inlined_string (0.4ms)
  Rendered /Users/roger/.rvm/gems/ruby-2.1.4/gems/web-console-2.2.1/lib/web_console/templates/console.js.erb within layouts/javascript (32.7ms)
  Rendered /Users/roger/.rvm/gems/ruby-2.1.4/gems/web-console-2.2.1/lib/web_console/templates/main.js.erb within layouts/javascript (0.5ms)
  Rendered /Users/roger/.rvm/gems/ruby-2.1.4/gems/web-console-2.2.1/lib/web_console/templates/error_page.js.erb within layouts/javascript (0.8ms)
  Rendered /Users/roger/.rvm/gems/ruby-2.1.4/gems/web-console-2.2.1/lib/web_console/templates/index.html.erb (89.9ms)


Started GET "/" for ::1 at 2016-01-13 17:14:35 +0800
Processing by PostController#index as HTML
  Rendered post/index.html.slim within layouts/application (8.2ms)
Completed 500 Internal Server Error in 15ms

ActionView::Template::Error (undefined method `to_key' for #<Mongoid::Criteria:0x007fdd8d8bcb18>):
    1: 
    2: div id="posts"
    3:  table
    4:   = form_for @posts do | post |
    5:    tr
    6:     = post.content
  app/views/post/index.html.slim:4:in `_app_views_post_index_html_slim___2005745337919173059_70294786154020'


  Rendered /Users/roger/.rvm/gems/ruby-2.1.4/gems/actionpack-4.2.5/lib/action_dispatch/middleware/templates/rescues/_source.erb (11.1ms)
  Rendered /Users/roger/.rvm/gems/ruby-2.1.4/gems/actionpack-4.2.5/lib/action_dispatch/middleware/templates/rescues/_trace.html.erb (4.0ms)
  Rendered /Users/roger/.rvm/gems/ruby-2.1.4/gems/actionpack-4.2.5/lib/action_dispatch/middleware/templates/rescues/_request_and_response.html.erb (1.2ms)
  Rendered /Users/roger/.rvm/gems/ruby-2.1.4/gems/actionpack-4.2.5/lib/action_dispatch/middleware/templates/rescues/template_error.html.erb within rescues/layout (39.8ms)
  Rendered /Users/roger/.rvm/gems/ruby-2.1.4/gems/web-console-2.2.1/lib/web_console/templates/_markup.html.erb (0.6ms)
  Rendered /Users/roger/.rvm/gems/ruby-2.1.4/gems/web-console-2.2.1/lib/web_console/templates/_inner_console_markup.html.erb within layouts/inlined_string (0.8ms)
  Rendered /Users/roger/.rvm/gems/ruby-2.1.4/gems/web-console-2.2.1/lib/web_console/templates/_prompt_box_markup.html.erb within layouts/inlined_string (0.5ms)
  Rendered /Users/roger/.rvm/gems/ruby-2.1.4/gems/web-console-2.2.1/lib/web_console/templates/style.css.erb within layouts/inlined_string (0.6ms)
  Rendered /Users/roger/.rvm/gems/ruby-2.1.4/gems/web-console-2.2.1/lib/web_console/templates/console.js.erb within layouts/javascript (32.4ms)
  Rendered /Users/roger/.rvm/gems/ruby-2.1.4/gems/web-console-2.2.1/lib/web_console/templates/main.js.erb within layouts/javascript (0.6ms)
  Rendered /Users/roger/.rvm/gems/ruby-2.1.4/gems/web-console-2.2.1/lib/web_console/templates/error_page.js.erb within layouts/javascript (0.8ms)
  Rendered /Users/roger/.rvm/gems/ruby-2.1.4/gems/web-console-2.2.1/lib/web_console/templates/index.html.erb (70.1ms)


Started GET "/" for ::1 at 2016-01-13 17:19:32 +0800
Processing by PostController#index as HTML
MONGODB | Adding localhost:27017 to the cluster.
MONGODB | localhost:27017 | manors_development.find | STARTED | {"find"=>"posts", "filter"=>{}}
MONGODB | localhost:27017 | manors_development.find | SUCCEEDED | 0.010114999999999999s
  Rendered post/index.html.slim within layouts/application (76.2ms)
Completed 200 OK in 93ms (Views: 91.4ms)
